  [1m[35m (5.8ms)[0m  [1m[35mCREATE TABLE "schema_migrations" ("version" character varying PRIMARY KEY)[0m
  [1m[35m (1.8ms)[0m  [1m[35mCREATE TABLE "ar_internal_metadata" ("key" character varying PRIMARY KEY, "value" character varying, "created_at" timestamp NOT NULL, "updated_at" timestamp NOT NULL)[0m
  [1m[35m (0.2ms)[0m  [1m[34mSELECT pg_try_advisory_lock(3272332251860688240);[0m
  [1m[36mActiveRecord::SchemaMigration Load (0.3ms)[0m  [1m[34mSELECT "schema_migrations".* FROM "schema_migrations"[0m
Migrating to CreateUsers (20150724141255)
  [1m[35m (0.1ms)[0m  [1m[35mBEGIN[0m
DEPRECATION WARNING: Directly inheriting from ActiveRecord::Migration is deprecated. Please specify the Rails release the migration was written for:

  class CreateUsers < ActiveRecord::Migration[4.2] (called from load at /Users/jonathancohen/.rbenv/versions/2.3.1/bin/rake:23)
  [1m[35m (2.6ms)[0m  [1m[35mCREATE TABLE "users" ("id" serial primary key, "email" character varying NOT NULL, "token" character varying NOT NULL, "password_digest" character varying NOT NULL, "created_at" timestamp NOT NULL, "updated_at" timestamp NOT NULL)[0m
  [1m[35m (0.7ms)[0m  [1m[35mCREATE UNIQUE INDEX  "index_users_on_email" ON "users"  ("email")[0m
  [1m[35m (0.7ms)[0m  [1m[35mCREATE UNIQUE INDEX  "index_users_on_token" ON "users"  ("token")[0m
  [1m[35mSQL (0.4ms)[0m  [1m[32mINSERT INTO "schema_migrations" ("version") VALUES ($1) RETURNING "version"[0m  [["version", "20150724141255"]]
  [1m[35m (0.3ms)[0m  [1m[35mCOMMIT[0m
Migrating to CreateExamples (20160327214720)
  [1m[35m (0.2ms)[0m  [1m[35mBEGIN[0m
DEPRECATION WARNING: Directly inheriting from ActiveRecord::Migration is deprecated. Please specify the Rails release the migration was written for:

  class CreateExamples < ActiveRecord::Migration[4.2] (called from load at /Users/jonathancohen/.rbenv/versions/2.3.1/bin/rake:23)
  [1m[35m (16.3ms)[0m  [1m[35mCREATE TABLE "examples" ("id" serial primary key, "text" text NOT NULL, "user_id" integer NOT NULL, "created_at" timestamp NOT NULL, "updated_at" timestamp NOT NULL, CONSTRAINT "fk_rails_ae101d15cc"
FOREIGN KEY ("user_id")
  REFERENCES "users" ("id")
)[0m
  [1m[35m (8.4ms)[0m  [1m[35mCREATE  INDEX  "index_examples_on_user_id" ON "examples"  ("user_id")[0m
  [1m[35mSQL (0.2ms)[0m  [1m[32mINSERT INTO "schema_migrations" ("version") VALUES ($1) RETURNING "version"[0m  [["version", "20160327214720"]]
  [1m[35m (0.4ms)[0m  [1m[35mCOMMIT[0m
Migrating to CreateBooks (20160329195752)
  [1m[35m (0.3ms)[0m  [1m[35mBEGIN[0m
DEPRECATION WARNING: Directly inheriting from ActiveRecord::Migration is deprecated. Please specify the Rails release the migration was written for:

  class CreateBooks < ActiveRecord::Migration[4.2] (called from load at /Users/jonathancohen/.rbenv/versions/2.3.1/bin/rake:23)
  [1m[35m (2.7ms)[0m  [1m[35mCREATE TABLE "books" ("id" serial primary key, "title" character varying, "author" character varying, "created_at" timestamp NOT NULL, "updated_at" timestamp NOT NULL)[0m
  [1m[35mSQL (0.2ms)[0m  [1m[32mINSERT INTO "schema_migrations" ("version") VALUES ($1) RETURNING "version"[0m  [["version", "20160329195752"]]
  [1m[35m (0.3ms)[0m  [1m[35mCOMMIT[0m
  [1m[36mActiveRecord::InternalMetadata Load (0.2ms)[0m  [1m[34mSELECT  "ar_internal_metadata".* FROM "ar_internal_metadata" WHERE "ar_internal_metadata"."key" = $1 LIMIT $2[0m  [["key", :environment], ["LIMIT", 1]]
  [1m[35m (0.1ms)[0m  [1m[35mBEGIN[0m
  [1m[35mSQL (0.3ms)[0m  [1m[32mINSERT INTO "ar_internal_metadata" ("key", "value", "created_at", "updated_at") VALUES ($1, $2, $3, $4) RETURNING "key"[0m  [["key", "environment"], ["value", "development"], ["created_at", 2017-03-30 00:54:22 UTC], ["updated_at", 2017-03-30 00:54:22 UTC]]
  [1m[35m (0.4ms)[0m  [1m[35mCOMMIT[0m
  [1m[35m (0.2ms)[0m  [1m[34mSELECT pg_advisory_unlock(3272332251860688240)[0m
  [1m[36mActiveRecord::SchemaMigration Load (0.2ms)[0m  [1m[34mSELECT "schema_migrations".* FROM "schema_migrations"[0m
  [1m[36mActiveRecord::SchemaMigration Load (0.2ms)[0m  [1m[34mSELECT "schema_migrations".* FROM "schema_migrations"[0m
  [1m[35m (0.1ms)[0m  [1m[35mBEGIN[0m
  [1m[36mBook Exists (0.6ms)[0m  [1m[34mSELECT  1 AS one FROM "books" WHERE "books"."title" = $1 AND "books"."author" = $2 LIMIT $3[0m  [["title", "1984"], ["author", "George Orwell"], ["LIMIT", 1]]
  [1m[35mSQL (0.4ms)[0m  [1m[32mINSERT INTO "books" ("title", "author", "created_at", "updated_at") VALUES ($1, $2, $3, $4) RETURNING "id"[0m  [["title", "1984"], ["author", "George Orwell"], ["created_at", 2017-03-30 00:54:34 UTC], ["updated_at", 2017-03-30 00:54:34 UTC]]
  [1m[36mBook Exists (0.2ms)[0m  [1m[34mSELECT  1 AS one FROM "books" WHERE "books"."title" = $1 AND "books"."author" = $2 LIMIT $3[0m  [["title", "A Bend in the River"], ["author", "V.S. Naipaul"], ["LIMIT", 1]]
  [1m[35mSQL (0.2ms)[0m  [1m[32mINSERT INTO "books" ("title", "author", "created_at", "updated_at") VALUES ($1, $2, $3, $4) RETURNING "id"[0m  [["title", "A Bend in the River"], ["author", "V.S. Naipaul"], ["created_at", 2017-03-30 00:54:34 UTC], ["updated_at", 2017-03-30 00:54:34 UTC]]
  [1m[36mBook Exists (0.2ms)[0m  [1m[34mSELECT  1 AS one FROM "books" WHERE "books"."title" = $1 AND "books"."author" = $2 LIMIT $3[0m  [["title", "A Clockwork Orange"], ["author", "Anthony Burgess"], ["LIMIT", 1]]
  [1m[35mSQL (0.2ms)[0m  [1m[32mINSERT INTO "books" ("title", "author", "created_at", "updated_at") VALUES ($1, $2, $3, $4) RETURNING "id"[0m  [["title", "A Clockwork Orange"], ["author", "Anthony Burgess"], ["created_at", 2017-03-30 00:54:34 UTC], ["updated_at", 2017-03-30 00:54:34 UTC]]
  [1m[36mBook Exists (0.2ms)[0m  [1m[34mSELECT  1 AS one FROM "books" WHERE "books"."title" = $1 AND "books"."author" = $2 LIMIT $3[0m  [["title", "A Dance to the Music of Time (series)"], ["author", "Anthony Powell"], ["LIMIT", 1]]
  [1m[35mSQL (0.2ms)[0m  [1m[32mINSERT INTO "books" ("title", "author", "created_at", "updated_at") VALUES ($1, $2, $3, $4) RETURNING "id"[0m  [["title", "A Dance to the Music of Time (series)"], ["author", "Anthony Powell"], ["created_at", 2017-03-30 00:54:34 UTC], ["updated_at", 2017-03-30 00:54:34 UTC]]
  [1m[36mBook Exists (0.2ms)[0m  [1m[34mSELECT  1 AS one FROM "books" WHERE "books"."title" = $1 AND "books"."author" = $2 LIMIT $3[0m  [["title", "A Farewell to Arms"], ["author", "Ernest Hemingway"], ["LIMIT", 1]]
  [1m[35mSQL (0.2ms)[0m  [1m[32mINSERT INTO "books" ("title", "author", "created_at", "updated_at") VALUES ($1, $2, $3, $4) RETURNING "id"[0m  [["title", "A Farewell to Arms"], ["author", "Ernest Hemingway"], ["created_at", 2017-03-30 00:54:34 UTC], ["updated_at", 2017-03-30 00:54:34 UTC]]
  [1m[36mBook Exists (0.2ms)[0m  [1m[34mSELECT  1 AS one FROM "books" WHERE "books"."title" = $1 AND "books"."author" = $2 LIMIT $3[0m  [["title", "A Handful of Dust"], ["author", "Evelyn Waugh"], ["LIMIT", 1]]
  [1m[35mSQL (0.2ms)[0m  [1m[32mINSERT INTO "books" ("title", "author", "created_at", "updated_at") VALUES ($1, $2, $3, $4) RETURNING "id"[0m  [["title", "A Handful of Dust"], ["author", "Evelyn Waugh"], ["created_at", 2017-03-30 00:54:34 UTC], ["updated_at", 2017-03-30 00:54:34 UTC]]
  [1m[36mBook Exists (0.1ms)[0m  [1m[34mSELECT  1 AS one FROM "books" WHERE "books"."title" = $1 AND "books"."author" = $2 LIMIT $3[0m  [["title", "A High Wind in Jamaica"], ["author", "Richard Hughes"], ["LIMIT", 1]]
  [1m[35mSQL (0.2ms)[0m  [1m[32mINSERT INTO "books" ("title", "author", "created_at", "updated_at") VALUES ($1, $2, $3, $4) RETURNING "id"[0m  [["title", "A High Wind in Jamaica"], ["author", "Richard Hughes"], ["created_at", 2017-03-30 00:54:34 UTC], ["updated_at", 2017-03-30 00:54:34 UTC]]
  [1m[36mBook Exists (0.1ms)[0m  [1m[34mSELECT  1 AS one FROM "books" WHERE "books"."title" = $1 AND "books"."author" = $2 LIMIT $3[0m  [["title", "A House for Mr Biswas"], ["author", "V.S. Naipaul"], ["LIMIT", 1]]
  [1m[35mSQL (0.1ms)[0m  [1m[32mINSERT INTO "books" ("title", "author", "created_at", "updated_at") VALUES ($1, $2, $3, $4) RETURNING "id"[0m  [["title", "A House for Mr Biswas"], ["author", "V.S. Naipaul"], ["created_at", 2017-03-30 00:54:34 UTC], ["updated_at", 2017-03-30 00:54:34 UTC]]
  [1m[36mBook Exists (0.1ms)[0m  [1m[34mSELECT  1 AS one FROM "books" WHERE "books"."title" = $1 AND "books"."author" = $2 LIMIT $3[0m  [["title", "A Passage to India"], ["author", "E.M. Forster"], ["LIMIT", 1]]
  [1m[35mSQL (0.2ms)[0m  [1m[32mINSERT INTO "books" ("title", "author", "created_at", "updated_at") VALUES ($1, $2, $3, $4) RETURNING "id"[0m  [["title", "A Passage to India"], ["author", "E.M. Forster"], ["created_at", 2017-03-30 00:54:34 UTC], ["updated_at", 2017-03-30 00:54:34 UTC]]
  [1m[36mBook Exists (0.1ms)[0m  [1m[34mSELECT  1 AS one FROM "books" WHERE "books"."title" = $1 AND "books"."author" = $2 LIMIT $3[0m  [["title", "A Portrait of the Artist as a Young Man"], ["author", "James Joyce"], ["LIMIT", 1]]
  [1m[35mSQL (0.1ms)[0m  [1m[32mINSERT INTO "books" ("title", "author", "created_at", "updated_at") VALUES ($1, $2, $3, $4) RETURNING "id"[0m  [["title", "A Portrait of the Artist as a Young Man"], ["author", "James Joyce"], ["created_at", 2017-03-30 00:54:34 UTC], ["updated_at", 2017-03-30 00:54:34 UTC]]
  [1m[36mBook Exists (0.1ms)[0m  [1m[34mSELECT  1 AS one FROM "books" WHERE "books"."title" = $1 AND "books"."author" = $2 LIMIT $3[0m  [["title", "A Prayer for Owen Meany"], ["author", "John Irving"], ["LIMIT", 1]]
  [1m[35mSQL (0.1ms)[0m  [1m[32mINSERT INTO "books" ("title", "author", "created_at", "updated_at") VALUES ($1, $2, $3, $4) RETURNING "id"[0m  [["title", "A Prayer for Owen Meany"], ["author", "John Irving"], ["created_at", 2017-03-30 00:54:34 UTC], ["updated_at", 2017-03-30 00:54:34 UTC]]
  [1m[36mBook Exists (0.1ms)[0m  [1m[34mSELECT  1 AS one FROM "books" WHERE "books"."title" = $1 AND "books"."author" = $2 LIMIT $3[0m  [["title", "A Room With a View"], ["author", "E.M. Forster"], ["LIMIT", 1]]
  [1m[35mSQL (0.1ms)[0m  [1m[32mINSERT INTO "books" ("title", "author", "created_at", "updated_at") VALUES ($1, $2, $3, $4) RETURNING "id"[0m  [["title", "A Room With a View"], ["author", "E.M. Forster"], ["created_at", 2017-03-30 00:54:34 UTC], ["updated_at", 2017-03-30 00:54:34 UTC]]
  [1m[36mBook Exists (0.1ms)[0m  [1m[34mSELECT  1 AS one FROM "books" WHERE "books"."title" = $1 AND "books"."author" = $2 LIMIT $3[0m  [["title", "A Town Like Alice"], ["author", "Nevil Shute"], ["LIMIT", 1]]
  [1m[35mSQL (0.1ms)[0m  [1m[32mINSERT INTO "books" ("title", "author", "created_at", "updated_at") VALUES ($1, $2, $3, $4) RETURNING "id"[0m  [["title", "A Town Like Alice"], ["author", "Nevil Shute"], ["created_at", 2017-03-30 00:54:34 UTC], ["updated_at", 2017-03-30 00:54:34 UTC]]
  [1m[36mBook Exists (0.1ms)[0m  [1m[34mSELECT  1 AS one FROM "books" WHERE "books"."title" = $1 AND "books"."author" = $2 LIMIT $3[0m  [["title", "Absalom, Absalom!"], ["author", "William Faulkner"], ["LIMIT", 1]]
  [1m[35mSQL (0.1ms)[0m  [1m[32mINSERT INTO "books" ("title", "author", "created_at", "updated_at") VALUES ($1, $2, $3, $4) RETURNING "id"[0m  [["title", "Absalom, Absalom!"], ["author", "William Faulkner"], ["created_at", 2017-03-30 00:54:34 UTC], ["updated_at", 2017-03-30 00:54:34 UTC]]
  [1m[36mBook Exists (0.1ms)[0m  [1m[34mSELECT  1 AS one FROM "books" WHERE "books"."title" = $1 AND "books"."author" = $2 LIMIT $3[0m  [["title", "All the King's Men"], ["author", "Robert Penn Warren"], ["LIMIT", 1]]
  [1m[35mSQL (0.1ms)[0m  [1m[32mINSERT INTO "books" ("title", "author", "created_at", "updated_at") VALUES ($1, $2, $3, $4) RETURNING "id"[0m  [["title", "All the King's Men"], ["author", "Robert Penn Warren"], ["created_at", 2017-03-30 00:54:34 UTC], ["updated_at", 2017-03-30 00:54:34 UTC]]
  [1m[36mBook Exists (0.1ms)[0m  [1m[34mSELECT  1 AS one FROM "books" WHERE "books"."title" = $1 AND "books"."author" = $2 LIMIT $3[0m  [["title", "An American Tragedy"], ["author", "Theodore Dreiser"], ["LIMIT", 1]]
  [1m[35mSQL (0.1ms)[0m  [1m[32mINSERT INTO "books" ("title", "author", "created_at", "updated_at") VALUES ($1, $2, $3, $4) RETURNING "id"[0m  [["title", "An American Tragedy"], ["author", "Theodore Dreiser"], ["created_at", 2017-03-30 00:54:34 UTC], ["updated_at", 2017-03-30 00:54:34 UTC]]
  [1m[36mBook Exists (0.1ms)[0m  [1m[34mSELECT  1 AS one FROM "books" WHERE "books"."title" = $1 AND "books"."author" = $2 LIMIT $3[0m  [["title", "Angle of Repose"], ["author", "Wallace Stegner"], ["LIMIT", 1]]
  [1m[35mSQL (0.1ms)[0m  [1m[32mINSERT INTO "books" ("title", "author", "created_at", "updated_at") VALUES ($1, $2, $3, $4) RETURNING "id"[0m  [["title", "Angle of Repose"], ["author", "Wallace Stegner"], ["created_at", 2017-03-30 00:54:34 UTC], ["updated_at", 2017-03-30 00:54:34 UTC]]
  [1m[36mBook Exists (0.1ms)[0m  [1m[34mSELECT  1 AS one FROM "books" WHERE "books"."title" = $1 AND "books"."author" = $2 LIMIT $3[0m  [["title", "Animal Farm"], ["author", "George Orwell"], ["LIMIT", 1]]
  [1m[35mSQL (0.1ms)[0m  [1m[32mINSERT INTO "books" ("title", "author", "created_at", "updated_at") VALUES ($1, $2, $3, $4) RETURNING "id"[0m  [["title", "Animal Farm"], ["author", "George Orwell"], ["created_at", 2017-03-30 00:54:34 UTC], ["updated_at", 2017-03-30 00:54:34 UTC]]
  [1m[36mBook Exists (0.1ms)[0m  [1m[34mSELECT  1 AS one FROM "books" WHERE "books"."title" = $1 AND "books"."author" = $2 LIMIT $3[0m  [["title", "Anthem"], ["author", "Ayn Rand"], ["LIMIT", 1]]
  [1m[35mSQL (0.1ms)[0m  [1m[32mINSERT INTO "books" ("title", "author", "created_at", "updated_at") VALUES ($1, $2, $3, $4) RETURNING "id"[0m  [["title", "Anthem"], ["author", "Ayn Rand"], ["created_at", 2017-03-30 00:54:34 UTC], ["updated_at", 2017-03-30 00:54:34 UTC]]
  [1m[36mBook Exists (0.1ms)[0m  [1m[34mSELECT  1 AS one FROM "books" WHERE "books"."title" = $1 AND "books"."author" = $2 LIMIT $3[0m  [["title", "Appointment in Samarra"], ["author", "John O'Hara"], ["LIMIT", 1]]
  [1m[35mSQL (0.1ms)[0m  [1m[32mINSERT INTO "books" ("title", "author", "created_at", "updated_at") VALUES ($1, $2, $3, $4) RETURNING "id"[0m  [["title", "Appointment in Samarra"], ["author", "John O'Hara"], ["created_at", 2017-03-30 00:54:34 UTC], ["updated_at", 2017-03-30 00:54:34 UTC]]
  [1m[36mBook Exists (0.1ms)[0m  [1m[34mSELECT  1 AS one FROM "books" WHERE "books"."title" = $1 AND "books"."author" = $2 LIMIT $3[0m  [["title", "Arrowsmith"], ["author", "Sinclair Lewis"], ["LIMIT", 1]]
  [1m[35mSQL (0.1ms)[0m  [1m[32mINSERT INTO "books" ("title", "author", "created_at", "updated_at") VALUES ($1, $2, $3, $4) RETURNING "id"[0m  [["title", "Arrowsmith"], ["author", "Sinclair Lewis"], ["created_at", 2017-03-30 00:54:34 UTC], ["updated_at", 2017-03-30 00:54:34 UTC]]
  [1m[36mBook Exists (0.1ms)[0m  [1m[34mSELECT  1 AS one FROM "books" WHERE "books"."title" = $1 AND "books"."author" = $2 LIMIT $3[0m  [["title", "As I Lay Dying"], ["author", "William Faulkner"], ["LIMIT", 1]]
  [1m[35mSQL (0.1ms)[0m  [1m[32mINSERT INTO "books" ("title", "author", "created_at", "updated_at") VALUES ($1, $2, $3, $4) RETURNING "id"[0m  [["title", "As I Lay Dying"], ["author", "William Faulkner"], ["created_at", 2017-03-30 00:54:34 UTC], ["updated_at", 2017-03-30 00:54:34 UTC]]
  [1m[36mBook Exists (0.1ms)[0m  [1m[34mSELECT  1 AS one FROM "books" WHERE "books"."title" = $1 AND "books"."author" = $2 LIMIT $3[0m  [["title", "At Swim-Two-Birds"], ["author", "Flann O'Brien"], ["LIMIT", 1]]
  [1m[35mSQL (0.1ms)[0m  [1m[32mINSERT INTO "books" ("title", "author", "created_at", "updated_at") VALUES ($1, $2, $3, $4) RETURNING "id"[0m  [["title", "At Swim-Two-Birds"], ["author", "Flann O'Brien"], ["created_at", 2017-03-30 00:54:34 UTC], ["updated_at", 2017-03-30 00:54:34 UTC]]
  [1m[36mBook Exists (0.1ms)[0m  [1m[34mSELECT  1 AS one FROM "books" WHERE "books"."title" = $1 AND "books"."author" = $2 LIMIT $3[0m  [["title", "At the Mountains of Madness"], ["author", "H.P. Lovecraft"], ["LIMIT", 1]]
  [1m[35mSQL (0.1ms)[0m  [1m[32mINSERT INTO "books" ("title", "author", "created_at", "updated_at") VALUES ($1, $2, $3, $4) RETURNING "id"[0m  [["title", "At the Mountains of Madness"], ["author", "H.P. Lovecraft"], ["created_at", 2017-03-30 00:54:34 UTC], ["updated_at", 2017-03-30 00:54:34 UTC]]
  [1m[36mBook Exists (0.1ms)[0m  [1m[34mSELECT  1 AS one FROM "books" WHERE "books"."title" = $1 AND "books"."author" = $2 LIMIT $3[0m  [["title", "Atlas Shrugged"], ["author", "Ayn Rand"], ["LIMIT", 1]]
  [1m[35mSQL (0.1ms)[0m  [1m[32mINSERT INTO "books" ("title", "author", "created_at", "updated_at") VALUES ($1, $2, $3, $4) RETURNING "id"[0m  [["title", "Atlas Shrugged"], ["author", "Ayn Rand"], ["created_at", 2017-03-30 00:54:34 UTC], ["updated_at", 2017-03-30 00:54:34 UTC]]
  [1m[36mBook Exists (0.1ms)[0m  [1m[34mSELECT  1 AS one FROM "books" WHERE "books"."title" = $1 AND "books"."author" = $2 LIMIT $3[0m  [["title", "Battlefield Earth"], ["author", "L. Ron Hubbard"], ["LIMIT", 1]]
  [1m[35mSQL (0.1ms)[0m  [1m[32mINSERT INTO "books" ("title", "author", "created_at", "updated_at") VALUES ($1, $2, $3, $4) RETURNING "id"[0m  [["title", "Battlefield Earth"], ["author", "L. Ron Hubbard"], ["created_at", 2017-03-30 00:54:34 UTC], ["updated_at", 2017-03-30 00:54:34 UTC]]
  [1m[36mBook Exists (0.1ms)[0m  [1m[34mSELECT  1 AS one FROM "books" WHERE "books"."title" = $1 AND "books"."author" = $2 LIMIT $3[0m  [["title", "Beloved"], ["author", "Toni Morrison"], ["LIMIT", 1]]
  [1m[35mSQL (0.1ms)[0m  [1m[32mINSERT INTO "books" ("title", "author", "created_at", "updated_at") VALUES ($1, $2, $3, $4) RETURNING "id"[0m  [["title", "Beloved"], ["author", "Toni Morrison"], ["created_at", 2017-03-30 00:54:34 UTC], ["updated_at", 2017-03-30 00:54:34 UTC]]
  [1m[36mBook Exists (0.1ms)[0m  [1m[34mSELECT  1 AS one FROM "books" WHERE "books"."title" = $1 AND "books"."author" = $2 LIMIT $3[0m  [["title", "Blood Meridian"], ["author", "Cormac McCarthy"], ["LIMIT", 1]]
  [1m[35mSQL (0.2ms)[0m  [1m[32mINSERT INTO "books" ("title", "author", "created_at", "updated_at") VALUES ($1, $2, $3, $4) RETURNING "id"[0m  [["title", "Blood Meridian"], ["author", "Cormac McCarthy"], ["created_at", 2017-03-30 00:54:34 UTC], ["updated_at", 2017-03-30 00:54:34 UTC]]
  [1m[36mBook Exists (0.1ms)[0m  [1m[34mSELECT  1 AS one FROM "books" WHERE "books"."title" = $1 AND "books"."author" = $2 LIMIT $3[0m  [["title", "Brave New World"], ["author", "Aldous Huxley"], ["LIMIT", 1]]
  [1m[35mSQL (0.1ms)[0m  [1m[32mINSERT INTO "books" ("title", "author", "created_at", "updated_at") VALUES ($1, $2, $3, $4) RETURNING "id"[0m  [["title", "Brave New World"], ["author", "Aldous Huxley"], ["created_at", 2017-03-30 00:54:34 UTC], ["updated_at", 2017-03-30 00:54:34 UTC]]
  [1m[36mBook Exists (0.1ms)[0m  [1m[34mSELECT  1 AS one FROM "books" WHERE "books"."title" = $1 AND "books"."author" = $2 LIMIT $3[0m  [["title", "Brideshead Revisited"], ["author", "Evelyn Waugh"], ["LIMIT", 1]]
  [1m[35mSQL (0.1ms)[0m  [1m[32mINSERT INTO "books" ("title", "author", "created_at", "updated_at") VALUES ($1, $2, $3, $4) RETURNING "id"[0m  [["title", "Brideshead Revisited"], ["author", "Evelyn Waugh"], ["created_at", 2017-03-30 00:54:34 UTC], ["updated_at", 2017-03-30 00:54:34 UTC]]
  [1m[36mBook Exists (0.1ms)[0m  [1m[34mSELECT  1 AS one FROM "books" WHERE "books"."title" = $1 AND "books"."author" = $2 LIMIT $3[0m  [["title", "Catch-22"], ["author", "Joseph Heller"], ["LIMIT", 1]]
  [1m[35mSQL (0.2ms)[0m  [1m[32mINSERT INTO "books" ("title", "author", "created_at", "updated_at") VALUES ($1, $2, $3, $4) RETURNING "id"[0m  [["title", "Catch-22"], ["author", "Joseph Heller"], ["created_at", 2017-03-30 00:54:34 UTC], ["updated_at", 2017-03-30 00:54:34 UTC]]
  [1m[36mBook Exists (0.1ms)[0m  [1m[34mSELECT  1 AS one FROM "books" WHERE "books"."title" = $1 AND "books"."author" = $2 LIMIT $3[0m  [["title", "Citizen of the Galaxy"], ["author", "Robert Heinlein"], ["LIMIT", 1]]
  [1m[35mSQL (0.1ms)[0m  [1m[32mINSERT INTO "books" ("title", "author", "created_at", "updated_at") VALUES ($1, $2, $3, $4) RETURNING "id"[0m  [["title", "Citizen of the Galaxy"], ["author", "Robert Heinlein"], ["created_at", 2017-03-30 00:54:34 UTC], ["updated_at", 2017-03-30 00:54:34 UTC]]
  [1m[36mBook Exists (0.1ms)[0m  [1m[34mSELECT  1 AS one FROM "books" WHERE "books"."title" = $1 AND "books"."author" = $2 LIMIT $3[0m  [["title", "Darkness at Noon"], ["author", "Arthur Koestler"], ["LIMIT", 1]]
  [1m[35mSQL (0.1ms)[0m  [1m[32mINSERT INTO "books" ("title", "author", "created_at", "updated_at") VALUES ($1, $2, $3, $4) RETURNING "id"[0m  [["title", "Darkness at Noon"], ["author", "Arthur Koestler"], ["created_at", 2017-03-30 00:54:34 UTC], ["updated_at", 2017-03-30 00:54:34 UTC]]
  [1m[36mBook Exists (0.1ms)[0m  [1m[34mSELECT  1 AS one FROM "books" WHERE "books"."title" = $1 AND "books"."author" = $2 LIMIT $3[0m  [["title", "Death Comes for the Archbishop"], ["author", "Willa Cather"], ["LIMIT", 1]]
  [1m[35mSQL (0.1ms)[0m  [1m[32mINSERT INTO "books" ("title", "author", "created_at", "updated_at") VALUES ($1, $2, $3, $4) RETURNING "id"[0m  [["title", "Death Comes for the Archbishop"], ["author", "Willa Cather"], ["created_at", 2017-03-30 00:54:34 UTC], ["updated_at", 2017-03-30 00:54:34 UTC]]
  [1m[36mBook Exists (0.1ms)[0m  [1m[34mSELECT  1 AS one FROM "books" WHERE "books"."title" = $1 AND "books"."author" = $2 LIMIT $3[0m  [["title", "Deliverance"], ["author", "James Dickey"], ["LIMIT", 1]]
  [1m[35mSQL (0.1ms)[0m  [1m[32mINSERT INTO "books" ("title", "author", "created_at", "updated_at") VALUES ($1, $2, $3, $4) RETURNING "id"[0m  [["title", "Deliverance"], ["author", "James Dickey"], ["created_at", 2017-03-30 00:54:34 UTC], ["updated_at", 2017-03-30 00:54:34 UTC]]
  [1m[36mBook Exists (0.1ms)[0m  [1m[34mSELECT  1 AS one FROM "books" WHERE "books"."title" = $1 AND "books"."author" = $2 LIMIT $3[0m  [["title", "Double Star"], ["author", "Robert Heinlein"], ["LIMIT", 1]]
  [1m[35mSQL (0.1ms)[0m  [1m[32mINSERT INTO "books" ("title", "author", "created_at", "updated_at") VALUES ($1, $2, $3, $4) RETURNING "id"[0m  [["title", "Double Star"], ["author", "Robert Heinlein"], ["created_at", 2017-03-30 00:54:34 UTC], ["updated_at", 2017-03-30 00:54:34 UTC]]
  [1m[36mBook Exists (0.1ms)[0m  [1m[34mSELECT  1 AS one FROM "books" WHERE "books"."title" = $1 AND "books"."author" = $2 LIMIT $3[0m  [["title", "Dune"], ["author", "Frank Herbert"], ["LIMIT", 1]]
  [1m[35mSQL (0.2ms)[0m  [1m[32mINSERT INTO "books" ("title", "author", "created_at", "updated_at") VALUES ($1, $2, $3, $4) RETURNING "id"[0m  [["title", "Dune"], ["author", "Frank Herbert"], ["created_at", 2017-03-30 00:54:34 UTC], ["updated_at", 2017-03-30 00:54:34 UTC]]
  [1m[36mBook Exists (0.1ms)[0m  [1m[34mSELECT  1 AS one FROM "books" WHERE "books"."title" = $1 AND "books"."author" = $2 LIMIT $3[0m  [["title", "Ender's Game"], ["author", "Orson Scott Card"], ["LIMIT", 1]]
  [1m[35mSQL (0.1ms)[0m  [1m[32mINSERT INTO "books" ("title", "author", "created_at", "updated_at") VALUES ($1, $2, $3, $4) RETURNING "id"[0m  [["title", "Ender's Game"], ["author", "Orson Scott Card"], ["created_at", 2017-03-30 00:54:34 UTC], ["updated_at", 2017-03-30 00:54:34 UTC]]
  [1m[36mBook Exists (0.1ms)[0m  [1m[34mSELECT  1 AS one FROM "books" WHERE "books"."title" = $1 AND "books"."author" = $2 LIMIT $3[0m  [["title", "Farenheit 451"], ["author", "Ray Bradbury"], ["LIMIT", 1]]
  [1m[35mSQL (0.1ms)[0m  [1m[32mINSERT INTO "books" ("title", "author", "created_at", "updated_at") VALUES ($1, $2, $3, $4) RETURNING "id"[0m  [["title", "Farenheit 451"], ["author", "Ray Bradbury"], ["created_at", 2017-03-30 00:54:34 UTC], ["updated_at", 2017-03-30 00:54:34 UTC]]
  [1m[36mBook Exists (0.1ms)[0m  [1m[34mSELECT  1 AS one FROM "books" WHERE "books"."title" = $1 AND "books"."author" = $2 LIMIT $3[0m  [["title", "Fear"], ["author", "L. Ron Hubbard"], ["LIMIT", 1]]
  [1m[35mSQL (0.2ms)[0m  [1m[32mINSERT INTO "books" ("title", "author", "created_at", "updated_at") VALUES ($1, $2, $3, $4) RETURNING "id"[0m  [["title", "Fear"], ["author", "L. Ron Hubbard"], ["created_at", 2017-03-30 00:54:34 UTC], ["updated_at", 2017-03-30 00:54:34 UTC]]
  [1m[36mBook Exists (0.1ms)[0m  [1m[34mSELECT  1 AS one FROM "books" WHERE "books"."title" = $1 AND "books"."author" = $2 LIMIT $3[0m  [["title", "Fifth Business"], ["author", "Robertson Davies"], ["LIMIT", 1]]
  [1m[35mSQL (0.1ms)[0m  [1m[32mINSERT INTO "books" ("title", "author", "created_at", "updated_at") VALUES ($1, $2, $3, $4) RETURNING "id"[0m  [["title", "Fifth Business"], ["author", "Robertson Davies"], ["created_at", 2017-03-30 00:54:34 UTC], ["updated_at", 2017-03-30 00:54:34 UTC]]
  [1m[36mBook Exists (0.1ms)[0m  [1m[34mSELECT  1 AS one FROM "books" WHERE "books"."title" = $1 AND "books"."author" = $2 LIMIT $3[0m  [["title", "Finnegans Wake"], ["author", "James Joyce"], ["LIMIT", 1]]
  [1m[35mSQL (0.1ms)[0m  [1m[32mINSERT INTO "books" ("title", "author", "created_at", "updated_at") VALUES ($1, $2, $3, $4) RETURNING "id"[0m  [["title", "Finnegans Wake"], ["author", "James Joyce"], ["created_at", 2017-03-30 00:54:34 UTC], ["updated_at", 2017-03-30 00:54:34 UTC]]
  [1m[36mBook Exists (0.1ms)[0m  [1m[34mSELECT  1 AS one FROM "books" WHERE "books"."title" = $1 AND "books"."author" = $2 LIMIT $3[0m  [["title", "From Here to Eternity"], ["author", "James Jones"], ["LIMIT", 1]]
  [1m[35mSQL (0.1ms)[0m  [1m[32mINSERT INTO "books" ("title", "author", "created_at", "updated_at") VALUES ($1, $2, $3, $4) RETURNING "id"[0m  [["title", "From Here to Eternity"], ["author", "James Jones"], ["created_at", 2017-03-30 00:54:34 UTC], ["updated_at", 2017-03-30 00:54:34 UTC]]
  [1m[36mBook Exists (0.2ms)[0m  [1m[34mSELECT  1 AS one FROM "books" WHERE "books"."title" = $1 AND "books"."author" = $2 LIMIT $3[0m  [["title", "Go Tell It on the Mountain"], ["author", "James Baldwin"], ["LIMIT", 1]]
  [1m[35mSQL (0.1ms)[0m  [1m[32mINSERT INTO "books" ("title", "author", "created_at", "updated_at") VALUES ($1, $2, $3, $4) RETURNING "id"[0m  [["title", "Go Tell It on the Mountain"], ["author", "James Baldwin"], ["created_at", 2017-03-30 00:54:34 UTC], ["updated_at", 2017-03-30 00:54:34 UTC]]
  [1m[36mBook Exists (0.1ms)[0m  [1m[34mSELECT  1 AS one FROM "books" WHERE "books"."title" = $1 AND "books"."author" = $2 LIMIT $3[0m  [["title", "Gone with the Wind"], ["author", "Margaret Mitchell"], ["LIMIT", 1]]
  [1m[35mSQL (0.1ms)[0m  [1m[32mINSERT INTO "books" ("title", "author", "created_at", "updated_at") VALUES ($1, $2, $3, $4) RETURNING "id"[0m  [["title", "Gone with the Wind"], ["author", "Margaret Mitchell"], ["created_at", 2017-03-30 00:54:34 UTC], ["updated_at", 2017-03-30 00:54:34 UTC]]
  [1m[36mBook Exists (0.1ms)[0m  [1m[34mSELECT  1 AS one FROM "books" WHERE "books"."title" = $1 AND "books"."author" = $2 LIMIT $3[0m  [["title", "Gravity's Rainbow"], ["author", "Thomas Pynchon"], ["LIMIT", 1]]
  [1m[35mSQL (0.1ms)[0m  [1m[32mINSERT INTO "books" ("title", "author", "created_at", "updated_at") VALUES ($1, $2, $3, $4) RETURNING "id"[0m  [["title", "Gravity's Rainbow"], ["author", "Thomas Pynchon"], ["created_at", 2017-03-30 00:54:34 UTC], ["updated_at", 2017-03-30 00:54:34 UTC]]
  [1m[36mBook Exists (0.2ms)[0m  [1m[34mSELECT  1 AS one FROM "books" WHERE "books"."title" = $1 AND "books"."author" = $2 LIMIT $3[0m  [["title", "Greenmantle"], ["author", "Charles de Lint"], ["LIMIT", 1]]
  [1m[35mSQL (0.1ms)[0m  [1m[32mINSERT INTO "books" ("title", "author", "created_at", "updated_at") VALUES ($1, $2, $3, $4) RETURNING "id"[0m  [["title", "Greenmantle"], ["author", "Charles de Lint"], ["created_at", 2017-03-30 00:54:34 UTC], ["updated_at", 2017-03-30 00:54:34 UTC]]
  [1m[36mBook Exists (0.1ms)[0m  [1m[34mSELECT  1 AS one FROM "books" WHERE "books"."title" = $1 AND "books"."author" = $2 LIMIT $3[0m  [["title", "Guilty Pleasures"], ["author", "Laurell K. Hamilton"], ["LIMIT", 1]]
  [1m[35mSQL (0.1ms)[0m  [1m[32mINSERT INTO "books" ("title", "author", "created_at", "updated_at") VALUES ($1, $2, $3, $4) RETURNING "id"[0m  [["title", "Guilty Pleasures"], ["author", "Laurell K. Hamilton"], ["created_at", 2017-03-30 00:54:34 UTC], ["updated_at", 2017-03-30 00:54:34 UTC]]
  [1m[36mBook Exists (0.1ms)[0m  [1m[34mSELECT  1 AS one FROM "books" WHERE "books"."title" = $1 AND "books"."author" = $2 LIMIT $3[0m  [["title", "Heart of Darkness"], ["author", "Joseph Conrad"], ["LIMIT", 1]]
  [1m[35mSQL (0.1ms)[0m  [1m[32mINSERT INTO "books" ("title", "author", "created_at", "updated_at") VALUES ($1, $2, $3, $4) RETURNING "id"[0m  [["title", "Heart of Darkness"], ["author", "Joseph Conrad"], ["created_at", 2017-03-30 00:54:34 UTC], ["updated_at", 2017-03-30 00:54:34 UTC]]
  [1m[36mBook Exists (0.1ms)[0m  [1m[34mSELECT  1 AS one FROM "books" WHERE "books"."title" = $1 AND "books"."author" = $2 LIMIT $3[0m  [["title", "Henderson the Rain King"], ["author", "Saul Bellow"], ["LIMIT", 1]]
  [1m[35mSQL (0.1ms)[0m  [1m[32mINSERT INTO "books" ("title", "author", "created_at", "updated_at") VALUES ($1, $2, $3, $4) RETURNING "id"[0m  [["title", "Henderson the Rain King"], ["author", "Saul Bellow"], ["created_at", 2017-03-30 00:54:34 UTC], ["updated_at", 2017-03-30 00:54:34 UTC]]
  [1m[36mBook Exists (0.1ms)[0m  [1m[34mSELECT  1 AS one FROM "books" WHERE "books"."title" = $1 AND "books"."author" = $2 LIMIT $3[0m  [["title", "Howards End"], ["author", "E.M. Forster"], ["LIMIT", 1]]
  [1m[35mSQL (0.1ms)[0m  [1m[32mINSERT INTO "books" ("title", "author", "created_at", "updated_at") VALUES ($1, $2, $3, $4) RETURNING "id"[0m  [["title", "Howards End"], ["author", "E.M. Forster"], ["created_at", 2017-03-30 00:54:34 UTC], ["updated_at", 2017-03-30 00:54:34 UTC]]
  [1m[36mBook Exists (0.1ms)[0m  [1m[34mSELECT  1 AS one FROM "books" WHERE "books"."title" = $1 AND "books"."author" = $2 LIMIT $3[0m  [["title", "I, Claudius"], ["author", "Robert Graves"], ["LIMIT", 1]]
  [1m[35mSQL (0.1ms)[0m  [1m[32mINSERT INTO "books" ("title", "author", "created_at", "updated_at") VALUES ($1, $2, $3, $4) RETURNING "id"[0m  [["title", "I, Claudius"], ["author", "Robert Graves"], ["created_at", 2017-03-30 00:54:34 UTC], ["updated_at", 2017-03-30 00:54:34 UTC]]
  [1m[36mBook Exists (0.2ms)[0m  [1m[34mSELECT  1 AS one FROM "books" WHERE "books"."title" = $1 AND "books"."author" = $2 LIMIT $3[0m  [["title", "Illusions"], ["author", "Richard Bach"], ["LIMIT", 1]]
  [1m[35mSQL (0.1ms)[0m  [1m[32mINSERT INTO "books" ("title", "author", "created_at", "updated_at") VALUES ($1, $2, $3, $4) RETURNING "id"[0m  [["title", "Illusions"], ["author", "Richard Bach"], ["created_at", 2017-03-30 00:54:34 UTC], ["updated_at", 2017-03-30 00:54:34 UTC]]
  [1m[36mBook Exists (0.1ms)[0m  [1m[34mSELECT  1 AS one FROM "books" WHERE "books"."title" = $1 AND "books"."author" = $2 LIMIT $3[0m  [["title", "Invisible Man"], ["author", "Ralph Ellison"], ["LIMIT", 1]]
  [1m[35mSQL (0.1ms)[0m  [1m[32mINSERT INTO "books" ("title", "author", "created_at", "updated_at") VALUES ($1, $2, $3, $4) RETURNING "id"[0m  [["title", "Invisible Man"], ["author", "Ralph Ellison"], ["created_at", 2017-03-30 00:54:34 UTC], ["updated_at", 2017-03-30 00:54:34 UTC]]
  [1m[36mBook Exists (0.1ms)[0m  [1m[34mSELECT  1 AS one FROM "books" WHERE "books"."title" = $1 AND "books"."author" = $2 LIMIT $3[0m  [["title", "Ironweed"], ["author", "William Kennedy"], ["LIMIT", 1]]
  [1m[35mSQL (0.1ms)[0m  [1m[32mINSERT INTO "books" ("title", "author", "created_at", "updated_at") VALUES ($1, $2, $3, $4) RETURNING "id"[0m  [["title", "Ironweed"], ["author", "William Kennedy"], ["created_at", 2017-03-30 00:54:34 UTC], ["updated_at", 2017-03-30 00:54:34 UTC]]
  [1m[36mBook Exists (0.1ms)[0m  [1m[34mSELECT  1 AS one FROM "books" WHERE "books"."title" = $1 AND "books"."author" = $2 LIMIT $3[0m  [["title", "It"], ["author", "Stephen King"], ["LIMIT", 1]]
  [1m[35mSQL (0.1ms)[0m  [1m[32mINSERT INTO "books" ("title", "author", "created_at", "updated_at") VALUES ($1, $2, $3, $4) RETURNING "id"[0m  [["title", "It"], ["author", "Stephen King"], ["created_at", 2017-03-30 00:54:34 UTC], ["updated_at", 2017-03-30 00:54:34 UTC]]
  [1m[36mBook Exists (0.2ms)[0m  [1m[34mSELECT  1 AS one FROM "books" WHERE "books"."title" = $1 AND "books"."author" = $2 LIMIT $3[0m  [["title", "Kim"], ["author", "Rudyard Kipling"], ["LIMIT", 1]]
  [1m[35mSQL (0.1ms)[0m  [1m[32mINSERT INTO "books" ("title", "author", "created_at", "updated_at") VALUES ($1, $2, $3, $4) RETURNING "id"[0m  [["title", "Kim"], ["author", "Rudyard Kipling"], ["created_at", 2017-03-30 00:54:34 UTC], ["updated_at", 2017-03-30 00:54:34 UTC]]
  [1m[36mBook Exists (0.1ms)[0m  [1m[34mSELECT  1 AS one FROM "books" WHERE "books"."title" = $1 AND "books"."author" = $2 LIMIT $3[0m  [["title", "Light in August"], ["author", "William Faulkner"], ["LIMIT", 1]]
  [1m[35mSQL (0.1ms)[0m  [1m[32mINSERT INTO "books" ("title", "author", "created_at", "updated_at") VALUES ($1, $2, $3, $4) RETURNING "id"[0m  [["title", "Light in August"], ["author", "William Faulkner"], ["created_at", 2017-03-30 00:54:34 UTC], ["updated_at", 2017-03-30 00:54:34 UTC]]
  [1m[36mBook Exists (0.1ms)[0m  [1m[34mSELECT  1 AS one FROM "books" WHERE "books"."title" = $1 AND "books"."author" = $2 LIMIT $3[0m  [["title", "Lolita"], ["author", "Vladimir Nabokov"], ["LIMIT", 1]]
  [1m[35mSQL (0.1ms)[0m  [1m[32mINSERT INTO "books" ("title", "author", "created_at", "updated_at") VALUES ($1, $2, $3, $4) RETURNING "id"[0m  [["title", "Lolita"], ["author", "Vladimir Nabokov"], ["created_at", 2017-03-30 00:54:34 UTC], ["updated_at", 2017-03-30 00:54:34 UTC]]
  [1m[36mBook Exists (0.2ms)[0m  [1m[34mSELECT  1 AS one FROM "books" WHERE "books"."title" = $1 AND "books"."author" = $2 LIMIT $3[0m  [["title", "Lord Jim"], ["author", "Joseph Conrad"], ["LIMIT", 1]]
  [1m[35mSQL (0.1ms)[0m  [1m[32mINSERT INTO "books" ("title", "author", "created_at", "updated_at") VALUES ($1, $2, $3, $4) RETURNING "id"[0m  [["title", "Lord Jim"], ["author", "Joseph Conrad"], ["created_at", 2017-03-30 00:54:34 UTC], ["updated_at", 2017-03-30 00:54:34 UTC]]
  [1m[36mBook Exists (0.1ms)[0m  [1m[34mSELECT  1 AS one FROM "books" WHERE "books"."title" = $1 AND "books"."author" = $2 LIMIT $3[0m  [["title", "Lord of the Flies"], ["author", "William Golding"], ["LIMIT", 1]]
  [1m[35mSQL (0.1ms)[0m  [1m[32mINSERT INTO "books" ("title", "author", "created_at", "updated_at") VALUES ($1, $2, $3, $4) RETURNING "id"[0m  [["title", "Lord of the Flies"], ["author", "William Golding"], ["created_at", 2017-03-30 00:54:34 UTC], ["updated_at", 2017-03-30 00:54:34 UTC]]
  [1m[36mBook Exists (0.1ms)[0m  [1m[34mSELECT  1 AS one FROM "books" WHERE "books"."title" = $1 AND "books"."author" = $2 LIMIT $3[0m  [["title", "Loving"], ["author", "Henry Green"], ["LIMIT", 1]]
  [1m[35mSQL (0.1ms)[0m  [1m[32mINSERT INTO "books" ("title", "author", "created_at", "updated_at") VALUES ($1, $2, $3, $4) RETURNING "id"[0m  [["title", "Loving"], ["author", "Henry Green"], ["created_at", 2017-03-30 00:54:34 UTC], ["updated_at", 2017-03-30 00:54:34 UTC]]
  [1m[36mBook Exists (0.2ms)[0m  [1m[34mSELECT  1 AS one FROM "books" WHERE "books"."title" = $1 AND "books"."author" = $2 LIMIT $3[0m  [["title", "Main Street"], ["author", "Sinclair Lewis"], ["LIMIT", 1]]
  [1m[35mSQL (0.1ms)[0m  [1m[32mINSERT INTO "books" ("title", "author", "created_at", "updated_at") VALUES ($1, $2, $3, $4) RETURNING "id"[0m  [["title", "Main Street"], ["author", "Sinclair Lewis"], ["created_at", 2017-03-30 00:54:34 UTC], ["updated_at", 2017-03-30 00:54:34 UTC]]
  [1m[36mBook Exists (0.1ms)[0m  [1m[34mSELECT  1 AS one FROM "books" WHERE "books"."title" = $1 AND "books"."author" = $2 LIMIT $3[0m  [["title", "Memory and Dream"], ["author", "Charles de Lint"], ["LIMIT", 1]]
  [1m[35mSQL (0.1ms)[0m  [1m[32mINSERT INTO "books" ("title", "author", "created_at", "updated_at") VALUES ($1, $2, $3, $4) RETURNING "id"[0m  [["title", "Memory and Dream"], ["author", "Charles de Lint"], ["created_at", 2017-03-30 00:54:34 UTC], ["updated_at", 2017-03-30 00:54:34 UTC]]
  [1m[36mBook Exists (0.1ms)[0m  [1m[34mSELECT  1 AS one FROM "books" WHERE "books"."title" = $1 AND "books"."author" = $2 LIMIT $3[0m  [["title", "Midnight's Children"], ["author", "Salman Rushdie"], ["LIMIT", 1]]
  [1m[35mSQL (0.1ms)[0m  [1m[32mINSERT INTO "books" ("title", "author", "created_at", "updated_at") VALUES ($1, $2, $3, $4) RETURNING "id"[0m  [["title", "Midnight's Children"], ["author", "Salman Rushdie"], ["created_at", 2017-03-30 00:54:34 UTC], ["updated_at", 2017-03-30 00:54:34 UTC]]
  [1m[36mBook Exists (0.2ms)[0m  [1m[34mSELECT  1 AS one FROM "books" WHERE "books"."title" = $1 AND "books"."author" = $2 LIMIT $3[0m  [["title", "Mission Earth"], ["author", "L. Ron Hubbard"], ["LIMIT", 1]]
  [1m[35mSQL (0.1ms)[0m  [1m[32mINSERT INTO "books" ("title", "author", "created_at", "updated_at") VALUES ($1, $2, $3, $4) RETURNING "id"[0m  [["title", "Mission Earth"], ["author", "L. Ron Hubbard"], ["created_at", 2017-03-30 00:54:34 UTC], ["updated_at", 2017-03-30 00:54:34 UTC]]
  [1m[36mBook Exists (0.1ms)[0m  [1m[34mSELECT  1 AS one FROM "books" WHERE "books"."title" = $1 AND "books"."author" = $2 LIMIT $3[0m  [["title", "Moonheart"], ["author", "Charles de Lint"], ["LIMIT", 1]]
  [1m[35mSQL (0.1ms)[0m  [1m[32mINSERT INTO "books" ("title", "author", "created_at", "updated_at") VALUES ($1, $2, $3, $4) RETURNING "id"[0m  [["title", "Moonheart"], ["author", "Charles de Lint"], ["created_at", 2017-03-30 00:54:34 UTC], ["updated_at", 2017-03-30 00:54:34 UTC]]
  [1m[36mBook Exists (0.1ms)[0m  [1m[34mSELECT  1 AS one FROM "books" WHERE "books"."title" = $1 AND "books"."author" = $2 LIMIT $3[0m  [["title", "Mulengro"], ["author", "Charles de Lint"], ["LIMIT", 1]]
  [1m[35mSQL (0.1ms)[0m  [1m[32mINSERT INTO "books" ("title", "author", "created_at", "updated_at") VALUES ($1, $2, $3, $4) RETURNING "id"[0m  [["title", "Mulengro"], ["author", "Charles de Lint"], ["created_at", 2017-03-30 00:54:34 UTC], ["updated_at", 2017-03-30 00:54:34 UTC]]
  [1m[36mBook Exists (0.1ms)[0m  [1m[34mSELECT  1 AS one FROM "books" WHERE "books"."title" = $1 AND "books"."author" = $2 LIMIT $3[0m  [["title", "My Antonia"], ["author", "Willa Cather"], ["LIMIT", 1]]
  [1m[35mSQL (0.1ms)[0m  [1m[32mINSERT INTO "books" ("title", "author", "created_at", "updated_at") VALUES ($1, $2, $3, $4) RETURNING "id"[0m  [["title", "My Antonia"], ["author", "Willa Cather"], ["created_at", 2017-03-30 00:54:34 UTC], ["updated_at", 2017-03-30 00:54:34 UTC]]
  [1m[36mBook Exists (0.1ms)[0m  [1m[34mSELECT  1 AS one FROM "books" WHERE "books"."title" = $1 AND "books"."author" = $2 LIMIT $3[0m  [["title", "Mythago Wood"], ["author", "Robert Holdstock"], ["LIMIT", 1]]
  [1m[35mSQL (0.1ms)[0m  [1m[32mINSERT INTO "books" ("title", "author", "created_at", "updated_at") VALUES ($1, $2, $3, $4) RETURNING "id"[0m  [["title", "Mythago Wood"], ["author", "Robert Holdstock"], ["created_at", 2017-03-30 00:54:34 UTC], ["updated_at", 2017-03-30 00:54:34 UTC]]
  [1m[36mBook Exists (0.1ms)[0m  [1m[34mSELECT  1 AS one FROM "books" WHERE "books"."title" = $1 AND "books"."author" = $2 LIMIT $3[0m  [["title", "Naked Lunch"], ["author", "William S. Burroughs"], ["LIMIT", 1]]
  [1m[35mSQL (0.1ms)[0m  [1m[32mINSERT INTO "books" ("title", "author", "created_at", "updated_at") VALUES ($1, $2, $3, $4) RETURNING "id"[0m  [["title", "Naked Lunch"], ["author", "William S. Burroughs"], ["created_at", 2017-03-30 00:54:34 UTC], ["updated_at", 2017-03-30 00:54:34 UTC]]
  [1m[36mBook Exists (0.2ms)[0m  [1m[34mSELECT  1 AS one FROM "books" WHERE "books"."title" = $1 AND "books"."author" = $2 LIMIT $3[0m  [["title", "Native Son"], ["author", "Richard Wright"], ["LIMIT", 1]]
  [1m[35mSQL (0.1ms)[0m  [1m[32mINSERT INTO "books" ("title", "author", "created_at", "updated_at") VALUES ($1, $2, $3, $4) RETURNING "id"[0m  [["title", "Native Son"], ["author", "Richard Wright"], ["created_at", 2017-03-30 00:54:34 UTC], ["updated_at", 2017-03-30 00:54:34 UTC]]
  [1m[36mBook Exists (0.1ms)[0m  [1m[34mSELECT  1 AS one FROM "books" WHERE "books"."title" = $1 AND "books"."author" = $2 LIMIT $3[0m  [["title", "Nostromo"], ["author", "Joseph Conrad"], ["LIMIT", 1]]
  [1m[35mSQL (0.1ms)[0m  [1m[32mINSERT INTO "books" ("title", "author", "created_at", "updated_at") VALUES ($1, $2, $3, $4) RETURNING "id"[0m  [["title", "Nostromo"], ["author", "Joseph Conrad"], ["created_at", 2017-03-30 00:54:34 UTC], ["updated_at", 2017-03-30 00:54:34 UTC]]
  [1m[36mBook Exists (0.1ms)[0m  [1m[34mSELECT  1 AS one FROM "books" WHERE "books"."title" = $1 AND "books"."author" = $2 LIMIT $3[0m  [["title", "Of Human Bondage"], ["author", "W. Somerset Maugham"], ["LIMIT", 1]]
  [1m[35mSQL (0.1ms)[0m  [1m[32mINSERT INTO "books" ("title", "author", "created_at", "updated_at") VALUES ($1, $2, $3, $4) RETURNING "id"[0m  [["title", "Of Human Bondage"], ["author", "W. Somerset Maugham"], ["created_at", 2017-03-30 00:54:34 UTC], ["updated_at", 2017-03-30 00:54:34 UTC]]
  [1m[36mBook Exists (0.2ms)[0m  [1m[34mSELECT  1 AS one FROM "books" WHERE "books"."title" = $1 AND "books"."author" = $2 LIMIT $3[0m  [["title", "On The Beach"], ["author", "Nevil Shute"], ["LIMIT", 1]]
  [1m[35mSQL (0.1ms)[0m  [1m[32mINSERT INTO "books" ("title", "author", "created_at", "updated_at") VALUES ($1, $2, $3, $4) RETURNING "id"[0m  [["title", "On The Beach"], ["author", "Nevil Shute"], ["created_at", 2017-03-30 00:54:34 UTC], ["updated_at", 2017-03-30 00:54:34 UTC]]
  [1m[36mBook Exists (0.2ms)[0m  [1m[34mSELECT  1 AS one FROM "books" WHERE "books"."title" = $1 AND "books"."author" = $2 LIMIT $3[0m  [["title", "On The Road"], ["author", "Jack Kerouac"], ["LIMIT", 1]]
  [1m[35mSQL (0.1ms)[0m  [1m[32mINSERT INTO "books" ("title", "author", "created_at", "updated_at") VALUES ($1, $2, $3, $4) RETURNING "id"[0m  [["title", "On The Road"], ["author", "Jack Kerouac"], ["created_at", 2017-03-30 00:54:34 UTC], ["updated_at", 2017-03-30 00:54:34 UTC]]
  [1m[36mBook Exists (0.1ms)[0m  [1m[34mSELECT  1 AS one FROM "books" WHERE "books"."title" = $1 AND "books"."author" = $2 LIMIT $3[0m  [["title", "One Flew Over the Cuckoo's Nest"], ["author", "Ken Kesey"], ["LIMIT", 1]]
  [1m[35mSQL (0.1ms)[0m  [1m[32mINSERT INTO "books" ("title", "author", "created_at", "updated_at") VALUES ($1, $2, $3, $4) RETURNING "id"[0m  [["title", "One Flew Over the Cuckoo's Nest"], ["author", "Ken Kesey"], ["created_at", 2017-03-30 00:54:34 UTC], ["updated_at", 2017-03-30 00:54:34 UTC]]
  [1m[36mBook Exists (0.1ms)[0m  [1m[34mSELECT  1 AS one FROM "books" WHERE "books"."title" = $1 AND "books"."author" = $2 LIMIT $3[0m  [["title", "One Lonely Night"], ["author", "Mickey Spillane"], ["LIMIT", 1]]
  [1m[35mSQL (0.1ms)[0m  [1m[32mINSERT INTO "books" ("title", "author", "created_at", "updated_at") VALUES ($1, $2, $3, $4) RETURNING "id"[0m  [["title", "One Lonely Night"], ["author", "Mickey Spillane"], ["created_at", 2017-03-30 00:54:34 UTC], ["updated_at", 2017-03-30 00:54:34 UTC]]
  [1m[36mBook Exists (0.2ms)[0m  [1m[34mSELECT  1 AS one FROM "books" WHERE "books"."title" = $1 AND "books"."author" = $2 LIMIT $3[0m  [["title", "Pale Fire"], ["author", "Vladimir Nabokov"], ["LIMIT", 1]]
  [1m[35mSQL (0.1ms)[0m  [1m[32mINSERT INTO "books" ("title", "author", "created_at", "updated_at") VALUES ($1, $2, $3, $4) RETURNING "id"[0m  [["title", "Pale Fire"], ["author", "Vladimir Nabokov"], ["created_at", 2017-03-30 00:54:34 UTC], ["updated_at", 2017-03-30 00:54:34 UTC]]
  [1m[36mBook Exists (0.1ms)[0m  [1m[34mSELECT  1 AS one FROM "books" WHERE "books"."title" = $1 AND "books"."author" = $2 LIMIT $3[0m  [["title", "Parade's End"], ["author", "Ford Madox Ford"], ["LIMIT", 1]]
  [1m[35mSQL (0.1ms)[0m  [1m[32mINSERT INTO "books" ("title", "author", "created_at", "updated_at") VALUES ($1, $2, $3, $4) RETURNING "id"[0m  [["title", "Parade's End"], ["author", "Ford Madox Ford"], ["created_at", 2017-03-30 00:54:34 UTC], ["updated_at", 2017-03-30 00:54:34 UTC]]
  [1m[36mBook Exists (0.1ms)[0m  [1m[34mSELECT  1 AS one FROM "books" WHERE "books"."title" = $1 AND "books"."author" = $2 LIMIT $3[0m  [["title", "Point Counter Point"], ["author", "Aldous Huxley"], ["LIMIT", 1]]
  [1m[35mSQL (0.1ms)[0m  [1m[32mINSERT INTO "books" ("title", "author", "created_at", "updated_at") VALUES ($1, $2, $3, $4) RETURNING "id"[0m  [["title", "Point Counter Point"], ["author", "Aldous Huxley"], ["created_at", 2017-03-30 00:54:34 UTC], ["updated_at", 2017-03-30 00:54:34 UTC]]
  [1m[36mBook Exists (0.1ms)[0m  [1m[34mSELECT  1 AS one FROM "books" WHERE "books"."title" = $1 AND "books"."author" = $2 LIMIT $3[0m  [["title", "Portnoy's Complaint"], ["author", "Philip Roth"], ["LIMIT", 1]]
  [1m[35mSQL (0.2ms)[0m  [1m[32mINSERT INTO "books" ("title", "author", "created_at", "updated_at") VALUES ($1, $2, $3, $4) RETURNING "id"[0m  [["title", "Portnoy's Complaint"], ["author", "Philip Roth"], ["created_at", 2017-03-30 00:54:34 UTC], ["updated_at", 2017-03-30 00:54:34 UTC]]
  [1m[36mBook Exists (0.1ms)[0m  [1m[34mSELECT  1 AS one FROM "books" WHERE "books"."title" = $1 AND "books"."author" = $2 LIMIT $3[0m  [["title", "Ragtime"], ["author", "E.L. Doctorow"], ["LIMIT", 1]]
  [1m[35mSQL (0.1ms)[0m  [1m[32mINSERT INTO "books" ("title", "author", "created_at", "updated_at") VALUES ($1, $2, $3, $4) RETURNING "id"[0m  [["title", "Ragtime"], ["author", "E.L. Doctorow"], ["created_at", 2017-03-30 00:54:34 UTC], ["updated_at", 2017-03-30 00:54:34 UTC]]
  [1m[36mBook Exists (0.1ms)[0m  [1m[34mSELECT  1 AS one FROM "books" WHERE "books"."title" = $1 AND "books"."author" = $2 LIMIT $3[0m  [["title", "Scoop"], ["author", "Evelyn Waugh"], ["LIMIT", 1]]
  [1m[35mSQL (0.1ms)[0m  [1m[32mINSERT INTO "books" ("title", "author", "created_at", "updated_at") VALUES ($1, $2, $3, $4) RETURNING "id"[0m  [["title", "Scoop"], ["author", "Evelyn Waugh"], ["created_at", 2017-03-30 00:54:34 UTC], ["updated_at", 2017-03-30 00:54:34 UTC]]
  [1m[36mBook Exists (0.1ms)[0m  [1m[34mSELECT  1 AS one FROM "books" WHERE "books"."title" = $1 AND "books"."author" = $2 LIMIT $3[0m  [["title", "Shane"], ["author", "Jack Schaefer"], ["LIMIT", 1]]
  [1m[35mSQL (0.2ms)[0m  [1m[32mINSERT INTO "books" ("title", "author", "created_at", "updated_at") VALUES ($1, $2, $3, $4) RETURNING "id"[0m  [["title", "Shane"], ["author", "Jack Schaefer"], ["created_at", 2017-03-30 00:54:34 UTC], ["updated_at", 2017-03-30 00:54:34 UTC]]
  [1m[36mBook Exists (0.1ms)[0m  [1m[34mSELECT  1 AS one FROM "books" WHERE "books"."title" = $1 AND "books"."author" = $2 LIMIT $3[0m  [["title", "Sister Carrie"], ["author", "Theodore Dreiser"], ["LIMIT", 1]]
  [1m[35mSQL (0.1ms)[0m  [1m[32mINSERT INTO "books" ("title", "author", "created_at", "updated_at") VALUES ($1, $2, $3, $4) RETURNING "id"[0m  [["title", "Sister Carrie"], ["author", "Theodore Dreiser"], ["created_at", 2017-03-30 00:54:34 UTC], ["updated_at", 2017-03-30 00:54:34 UTC]]
  [1m[36mBook Exists (0.1ms)[0m  [1m[34mSELECT  1 AS one FROM "books" WHERE "books"."title" = $1 AND "books"."author" = $2 LIMIT $3[0m  [["title", "Slaughterhouse-Five"], ["author", "Kurt Vonnegut"], ["LIMIT", 1]]
  [1m[35mSQL (0.1ms)[0m  [1m[32mINSERT INTO "books" ("title", "author", "created_at", "updated_at") VALUES ($1, $2, $3, $4) RETURNING "id"[0m  [["title", "Slaughterhouse-Five"], ["author", "Kurt Vonnegut"], ["created_at", 2017-03-30 00:54:34 UTC], ["updated_at", 2017-03-30 00:54:34 UTC]]
  [1m[36mBook Exists (0.1ms)[0m  [1m[34mSELECT  1 AS one FROM "books" WHERE "books"."title" = $1 AND "books"."author" = $2 LIMIT $3[0m  [["title", "Someplace to be Flying"], ["author", "Charles de Lint"], ["LIMIT", 1]]
  [1m[35mSQL (0.2ms)[0m  [1m[32mINSERT INTO "books" ("title", "author", "created_at", "updated_at") VALUES ($1, $2, $3, $4) RETURNING "id"[0m  [["title", "Someplace to be Flying"], ["author", "Charles de Lint"], ["created_at", 2017-03-30 00:54:34 UTC], ["updated_at", 2017-03-30 00:54:34 UTC]]
  [1m[36mBook Exists (0.1ms)[0m  [1m[34mSELECT  1 AS one FROM "books" WHERE "books"."title" = $1 AND "books"."author" = $2 LIMIT $3[0m  [["title", "Something Wicked This Way Comes"], ["author", "Ray Bradbury"], ["LIMIT", 1]]
  [1m[35mSQL (0.1ms)[0m  [1m[32mINSERT INTO "books" ("title", "author", "created_at", "updated_at") VALUES ($1, $2, $3, $4) RETURNING "id"[0m  [["title", "Something Wicked This Way Comes"], ["author", "Ray Bradbury"], ["created_at", 2017-03-30 00:54:34 UTC], ["updated_at", 2017-03-30 00:54:34 UTC]]
  [1m[36mBook Exists (0.1ms)[0m  [1m[34mSELECT  1 AS one FROM "books" WHERE "books"."title" = $1 AND "books"."author" = $2 LIMIT $3[0m  [["title", "Sometimes a Great Notion"], ["author", "Ken Kesey"], ["LIMIT", 1]]
  [1m[35mSQL (0.1ms)[0m  [1m[32mINSERT INTO "books" ("title", "author", "created_at", "updated_at") VALUES ($1, $2, $3, $4) RETURNING "id"[0m  [["title", "Sometimes a Great Notion"], ["author", "Ken Kesey"], ["created_at", 2017-03-30 00:54:34 UTC], ["updated_at", 2017-03-30 00:54:34 UTC]]
  [1m[36mBook Exists (0.1ms)[0m  [1m[34mSELECT  1 AS one FROM "books" WHERE "books"."title" = $1 AND "books"."author" = $2 LIMIT $3[0m  [["title", "Sons and Lovers"], ["author", "D.H. Lawrence"], ["LIMIT", 1]]
  [1m[35mSQL (0.1ms)[0m  [1m[32mINSERT INTO "books" ("title", "author", "created_at", "updated_at") VALUES ($1, $2, $3, $4) RETURNING "id"[0m  [["title", "Sons and Lovers"], ["author", "D.H. Lawrence"], ["created_at", 2017-03-30 00:54:34 UTC], ["updated_at", 2017-03-30 00:54:34 UTC]]
  [1m[36mBook Exists (0.2ms)[0m  [1m[34mSELECT  1 AS one FROM "books" WHERE "books"."title" = $1 AND "books"."author" = $2 LIMIT $3[0m  [["title", "Sophie's Choice"], ["author", "William Styron"], ["LIMIT", 1]]
  [1m[35mSQL (0.1ms)[0m  [1m[32mINSERT INTO "books" ("title", "author", "created_at", "updated_at") VALUES ($1, $2, $3, $4) RETURNING "id"[0m  [["title", "Sophie's Choice"], ["author", "William Styron"], ["created_at", 2017-03-30 00:54:34 UTC], ["updated_at", 2017-03-30 00:54:34 UTC]]
  [1m[36mBook Exists (0.1ms)[0m  [1m[34mSELECT  1 AS one FROM "books" WHERE "books"."title" = $1 AND "books"."author" = $2 LIMIT $3[0m  [["title", "Starship Troopers"], ["author", "Robert Heinlein"], ["LIMIT", 1]]
  [1m[35mSQL (0.1ms)[0m  [1m[32mINSERT INTO "books" ("title", "author", "created_at", "updated_at") VALUES ($1, $2, $3, $4) RETURNING "id"[0m  [["title", "Starship Troopers"], ["author", "Robert Heinlein"], ["created_at", 2017-03-30 00:54:34 UTC], ["updated_at", 2017-03-30 00:54:34 UTC]]
  [1m[36mBook Exists (0.1ms)[0m  [1m[34mSELECT  1 AS one FROM "books" WHERE "books"."title" = $1 AND "books"."author" = $2 LIMIT $3[0m  [["title", "Stranger in a Strange Land"], ["author", "Robert Heinlein"], ["LIMIT", 1]]
  [1m[35mSQL (0.1ms)[0m  [1m[32mINSERT INTO "books" ("title", "author", "created_at", "updated_at") VALUES ($1, $2, $3, $4) RETURNING "id"[0m  [["title", "Stranger in a Strange Land"], ["author", "Robert Heinlein"], ["created_at", 2017-03-30 00:54:34 UTC], ["updated_at", 2017-03-30 00:54:34 UTC]]
  [1m[36mBook Exists (0.1ms)[0m  [1m[34mSELECT  1 AS one FROM "books" WHERE "books"."title" = $1 AND "books"."author" = $2 LIMIT $3[0m  [["title", "Suttree"], ["author", "Cormac McCarthy"], ["LIMIT", 1]]
  [1m[35mSQL (0.2ms)[0m  [1m[32mINSERT INTO "books" ("title", "author", "created_at", "updated_at") VALUES ($1, $2, $3, $4) RETURNING "id"[0m  [["title", "Suttree"], ["author", "Cormac McCarthy"], ["created_at", 2017-03-30 00:54:34 UTC], ["updated_at", 2017-03-30 00:54:34 UTC]]
  [1m[36mBook Exists (0.1ms)[0m  [1m[34mSELECT  1 AS one FROM "books" WHERE "books"."title" = $1 AND "books"."author" = $2 LIMIT $3[0m  [["title", "Tender is the Night"], ["author", "F. Scott Fitzgerald"], ["LIMIT", 1]]
  [1m[35mSQL (0.1ms)[0m  [1m[32mINSERT INTO "books" ("title", "author", "created_at", "updated_at") VALUES ($1, $2, $3, $4) RETURNING "id"[0m  [["title", "Tender is the Night"], ["author", "F. Scott Fitzgerald"], ["created_at", 2017-03-30 00:54:34 UTC], ["updated_at", 2017-03-30 00:54:34 UTC]]
  [1m[36mBook Exists (0.1ms)[0m  [1m[34mSELECT  1 AS one FROM "books" WHERE "books"."title" = $1 AND "books"."author" = $2 LIMIT $3[0m  [["title", "The Adventures of Augie March"], ["author", "Saul Bellow"], ["LIMIT", 1]]
  [1m[35mSQL (0.1ms)[0m  [1m[32mINSERT INTO "books" ("title", "author", "created_at", "updated_at") VALUES ($1, $2, $3, $4) RETURNING "id"[0m  [["title", "The Adventures of Augie March"], ["author", "Saul Bellow"], ["created_at", 2017-03-30 00:54:34 UTC], ["updated_at", 2017-03-30 00:54:34 UTC]]
  [1m[36mBook Exists (0.1ms)[0m  [1m[34mSELECT  1 AS one FROM "books" WHERE "books"."title" = $1 AND "books"."author" = $2 LIMIT $3[0m  [["title", "The Age of Innocence"], ["author", "Edith Wharton"], ["LIMIT", 1]]
  [1m[35mSQL (0.2ms)[0m  [1m[32mINSERT INTO "books" ("title", "author", "created_at", "updated_at") VALUES ($1, $2, $3, $4) RETURNING "id"[0m  [["title", "The Age of Innocence"], ["author", "Edith Wharton"], ["created_at", 2017-03-30 00:54:34 UTC], ["updated_at", 2017-03-30 00:54:34 UTC]]
  [1m[36mBook Exists (0.1ms)[0m  [1m[34mSELECT  1 AS one FROM "books" WHERE "books"."title" = $1 AND "books"."author" = $2 LIMIT $3[0m  [["title", "The Alexandria Quartet"], ["author", "Lawrence Durell"], ["LIMIT", 1]]
  [1m[35mSQL (0.1ms)[0m  [1m[32mINSERT INTO "books" ("title", "author", "created_at", "updated_at") VALUES ($1, $2, $3, $4) RETURNING "id"[0m  [["title", "The Alexandria Quartet"], ["author", "Lawrence Durell"], ["created_at", 2017-03-30 00:54:34 UTC], ["updated_at", 2017-03-30 00:54:34 UTC]]
  [1m[36mBook Exists (0.1ms)[0m  [1m[34mSELECT  1 AS one FROM "books" WHERE "books"."title" = $1 AND "books"."author" = $2 LIMIT $3[0m  [["title", "The Ambassadors"], ["author", "Henry James"], ["LIMIT", 1]]
  [1m[35mSQL (0.3ms)[0m  [1m[32mINSERT INTO "books" ("title", "author", "created_at", "updated_at") VALUES ($1, $2, $3, $4) RETURNING "id"[0m  [["title", "The Ambassadors"], ["author", "Henry James"], ["created_at", 2017-03-30 00:54:34 UTC], ["updated_at", 2017-03-30 00:54:34 UTC]]
  [1m[36mBook Exists (0.1ms)[0m  [1m[34mSELECT  1 AS one FROM "books" WHERE "books"."title" = $1 AND "books"."author" = $2 LIMIT $3[0m  [["title", "The Bridge of San Luis Rey"], ["author", "Thornton Wilder"], ["LIMIT", 1]]
  [1m[35mSQL (0.2ms)[0m  [1m[32mINSERT INTO "books" ("title", "author", "created_at", "updated_at") VALUES ($1, $2, $3, $4) RETURNING "id"[0m  [["title", "The Bridge of San Luis Rey"], ["author", "Thornton Wilder"], ["created_at", 2017-03-30 00:54:34 UTC], ["updated_at", 2017-03-30 00:54:34 UTC]]
  [1m[36mBook Exists (0.1ms)[0m  [1m[34mSELECT  1 AS one FROM "books" WHERE "books"."title" = $1 AND "books"."author" = $2 LIMIT $3[0m  [["title", "The Call of the Wild"], ["author", "Jack London"], ["LIMIT", 1]]
  [1m[35mSQL (0.1ms)[0m  [1m[32mINSERT INTO "books" ("title", "author", "created_at", "updated_at") VALUES ($1, $2, $3, $4) RETURNING "id"[0m  [["title", "The Call of the Wild"], ["author", "Jack London"], ["created_at", 2017-03-30 00:54:34 UTC], ["updated_at", 2017-03-30 00:54:34 UTC]]
  [1m[36mBook Exists (0.1ms)[0m  [1m[34mSELECT  1 AS one FROM "books" WHERE "books"."title" = $1 AND "books"."author" = $2 LIMIT $3[0m  [["title", "The Catcher in the Rye"], ["author", "J.D. Salinger"], ["LIMIT", 1]]
  [1m[35mSQL (0.1ms)[0m  [1m[32mINSERT INTO "books" ("title", "author", "created_at", "updated_at") VALUES ($1, $2, $3, $4) RETURNING "id"[0m  [["title", "The Catcher in the Rye"], ["author", "J.D. Salinger"], ["created_at", 2017-03-30 00:54:34 UTC], ["updated_at", 2017-03-30 00:54:34 UTC]]
  [1m[36mBook Exists (0.1ms)[0m  [1m[34mSELECT  1 AS one FROM "books" WHERE "books"."title" = $1 AND "books"."author" = $2 LIMIT $3[0m  [["title", "The Cunning Man"], ["author", "Robertson Davies"], ["LIMIT", 1]]
  [1m[35mSQL (0.1ms)[0m  [1m[32mINSERT INTO "books" ("title", "author", "created_at", "updated_at") VALUES ($1, $2, $3, $4) RETURNING "id"[0m  [["title", "The Cunning Man"], ["author", "Robertson Davies"], ["created_at", 2017-03-30 00:54:34 UTC], ["updated_at", 2017-03-30 00:54:34 UTC]]
  [1m[36mBook Exists (0.1ms)[0m  [1m[34mSELECT  1 AS one FROM "books" WHERE "books"."title" = $1 AND "books"."author" = $2 LIMIT $3[0m  [["title", "The Day of the Locust"], ["author", "Nathanael West"], ["LIMIT", 1]]
  [1m[35mSQL (0.1ms)[0m  [1m[32mINSERT INTO "books" ("title", "author", "created_at", "updated_at") VALUES ($1, $2, $3, $4) RETURNING "id"[0m  [["title", "The Day of the Locust"], ["author", "Nathanael West"], ["created_at", 2017-03-30 00:54:34 UTC], ["updated_at", 2017-03-30 00:54:34 UTC]]
  [1m[36mBook Exists (0.2ms)[0m  [1m[34mSELECT  1 AS one FROM "books" WHERE "books"."title" = $1 AND "books"."author" = $2 LIMIT $3[0m  [["title", "The Death of the Heart"], ["author", "Elizabeth Bowen"], ["LIMIT", 1]]
  [1m[35mSQL (0.1ms)[0m  [1m[32mINSERT INTO "books" ("title", "author", "created_at", "updated_at") VALUES ($1, $2, $3, $4) RETURNING "id"[0m  [["title", "The Death of the Heart"], ["author", "Elizabeth Bowen"], ["created_at", 2017-03-30 00:54:34 UTC], ["updated_at", 2017-03-30 00:54:34 UTC]]
  [1m[36mBook Exists (0.1ms)[0m  [1m[34mSELECT  1 AS one FROM "books" WHERE "books"."title" = $1 AND "books"."author" = $2 LIMIT $3[0m  [["title", "The Door into Summer"], ["author", "Robert Heinlein"], ["LIMIT", 1]]
  [1m[35mSQL (0.1ms)[0m  [1m[32mINSERT INTO "books" ("title", "author", "created_at", "updated_at") VALUES ($1, $2, $3, $4) RETURNING "id"[0m  [["title", "The Door into Summer"], ["author", "Robert Heinlein"], ["created_at", 2017-03-30 00:54:34 UTC], ["updated_at", 2017-03-30 00:54:34 UTC]]
  [1m[36mBook Exists (0.1ms)[0m  [1m[34mSELECT  1 AS one FROM "books" WHERE "books"."title" = $1 AND "books"."author" = $2 LIMIT $3[0m  [["title", "The Fountainhead"], ["author", "Ayn Rand"], ["LIMIT", 1]]
  [1m[35mSQL (0.1ms)[0m  [1m[32mINSERT INTO "books" ("title", "author", "created_at", "updated_at") VALUES ($1, $2, $3, $4) RETURNING "id"[0m  [["title", "The Fountainhead"], ["author", "Ayn Rand"], ["created_at", 2017-03-30 00:54:34 UTC], ["updated_at", 2017-03-30 00:54:34 UTC]]
  [1m[36mBook Exists (0.1ms)[0m  [1m[34mSELECT  1 AS one FROM "books" WHERE "books"."title" = $1 AND "books"."author" = $2 LIMIT $3[0m  [["title", "The French Lieutenant's Woman"], ["author", "John Fowles"], ["LIMIT", 1]]
  [1m[35mSQL (0.1ms)[0m  [1m[32mINSERT INTO "books" ("title", "author", "created_at", "updated_at") VALUES ($1, $2, $3, $4) RETURNING "id"[0m  [["title", "The French Lieutenant's Woman"], ["author", "John Fowles"], ["created_at", 2017-03-30 00:54:34 UTC], ["updated_at", 2017-03-30 00:54:34 UTC]]
  [1m[36mBook Exists (0.2ms)[0m  [1m[34mSELECT  1 AS one FROM "books" WHERE "books"."title" = $1 AND "books"."author" = $2 LIMIT $3[0m  [["title", "The Ginger Man"], ["author", "J.P. Donleavy"], ["LIMIT", 1]]
  [1m[35mSQL (0.1ms)[0m  [1m[32mINSERT INTO "books" ("title", "author", "created_at", "updated_at") VALUES ($1, $2, $3, $4) RETURNING "id"[0m  [["title", "The Ginger Man"], ["author", "J.P. Donleavy"], ["created_at", 2017-03-30 00:54:34 UTC], ["updated_at", 2017-03-30 00:54:34 UTC]]
  [1m[36mBook Exists (0.3ms)[0m  [1m[34mSELECT  1 AS one FROM "books" WHERE "books"."title" = $1 AND "books"."author" = $2 LIMIT $3[0m  [["title", "The Golden Bowl"], ["author", "Henry James"], ["LIMIT", 1]]
  [1m[35mSQL (0.2ms)[0m  [1m[32mINSERT INTO "books" ("title", "author", "created_at", "updated_at") VALUES ($1, $2, $3, $4) RETURNING "id"[0m  [["title", "The Golden Bowl"], ["author", "Henry James"], ["created_at", 2017-03-30 00:54:34 UTC], ["updated_at", 2017-03-30 00:54:34 UTC]]
  [1m[36mBook Exists (0.2ms)[0m  [1m[34mSELECT  1 AS one FROM "books" WHERE "books"."title" = $1 AND "books"."author" = $2 LIMIT $3[0m  [["title", "The Good Soldier"], ["author", "Ford Madox Ford"], ["LIMIT", 1]]
  [1m[35mSQL (0.1ms)[0m  [1m[32mINSERT INTO "books" ("title", "author", "created_at", "updated_at") VALUES ($1, $2, $3, $4) RETURNING "id"[0m  [["title", "The Good Soldier"], ["author", "Ford Madox Ford"], ["created_at", 2017-03-30 00:54:34 UTC], ["updated_at", 2017-03-30 00:54:34 UTC]]
  [1m[36mBook Exists (0.1ms)[0m  [1m[34mSELECT  1 AS one FROM "books" WHERE "books"."title" = $1 AND "books"."author" = $2 LIMIT $3[0m  [["title", "The Grapes of Wrath"], ["author", "John Steinbeck"], ["LIMIT", 1]]
  [1m[35mSQL (0.1ms)[0m  [1m[32mINSERT INTO "books" ("title", "author", "created_at", "updated_at") VALUES ($1, $2, $3, $4) RETURNING "id"[0m  [["title", "The Grapes of Wrath"], ["author", "John Steinbeck"], ["created_at", 2017-03-30 00:54:34 UTC], ["updated_at", 2017-03-30 00:54:34 UTC]]
  [1m[36mBook Exists (0.2ms)[0m  [1m[34mSELECT  1 AS one FROM "books" WHERE "books"."title" = $1 AND "books"."author" = $2 LIMIT $3[0m  [["title", "The Great Gatsby"], ["author", "F. Scott Fitzgerald"], ["LIMIT", 1]]
  [1m[35mSQL (0.1ms)[0m  [1m[32mINSERT INTO "books" ("title", "author", "created_at", "updated_at") VALUES ($1, $2, $3, $4) RETURNING "id"[0m  [["title", "The Great Gatsby"], ["author", "F. Scott Fitzgerald"], ["created_at", 2017-03-30 00:54:34 UTC], ["updated_at", 2017-03-30 00:54:34 UTC]]
  [1m[36mBook Exists (0.1ms)[0m  [1m[34mSELECT  1 AS one FROM "books" WHERE "books"."title" = $1 AND "books"."author" = $2 LIMIT $3[0m  [["title", "The Handmaid's Tale"], ["author", "Margaret Atwood"], ["LIMIT", 1]]
  [1m[35mSQL (0.1ms)[0m  [1m[32mINSERT INTO "books" ("title", "author", "created_at", "updated_at") VALUES ($1, $2, $3, $4) RETURNING "id"[0m  [["title", "The Handmaid's Tale"], ["author", "Margaret Atwood"], ["created_at", 2017-03-30 00:54:34 UTC], ["updated_at", 2017-03-30 00:54:34 UTC]]
  [1m[36mBook Exists (0.1ms)[0m  [1m[34mSELECT  1 AS one FROM "books" WHERE "books"."title" = $1 AND "books"."author" = $2 LIMIT $3[0m  [["title", "The Haunting of Hill House"], ["author", "Shirley Jackson"], ["LIMIT", 1]]
  [1m[35mSQL (0.1ms)[0m  [1m[32mINSERT INTO "books" ("title", "author", "created_at", "updated_at") VALUES ($1, $2, $3, $4) RETURNING "id"[0m  [["title", "The Haunting of Hill House"], ["author", "Shirley Jackson"], ["created_at", 2017-03-30 00:54:34 UTC], ["updated_at", 2017-03-30 00:54:34 UTC]]
  [1m[36mBook Exists (0.2ms)[0m  [1m[34mSELECT  1 AS one FROM "books" WHERE "books"."title" = $1 AND "books"."author" = $2 LIMIT $3[0m  [["title", "The Heart is a Lonely Hunter"], ["author", "Carson McCullers"], ["LIMIT", 1]]
  [1m[35mSQL (0.1ms)[0m  [1m[32mINSERT INTO "books" ("title", "author", "created_at", "updated_at") VALUES ($1, $2, $3, $4) RETURNING "id"[0m  [["title", "The Heart is a Lonely Hunter"], ["author", "Carson McCullers"], ["created_at", 2017-03-30 00:54:34 UTC], ["updated_at", 2017-03-30 00:54:34 UTC]]
  [1m[36mBook Exists (0.1ms)[0m  [1m[34mSELECT  1 AS one FROM "books" WHERE "books"."title" = $1 AND "books"."author" = $2 LIMIT $3[0m  [["title", "The Heart of the Matter"], ["author", "Graham Greene"], ["LIMIT", 1]]
  [1m[35mSQL (0.1ms)[0m  [1m[32mINSERT INTO "books" ("title", "author", "created_at", "updated_at") VALUES ($1, $2, $3, $4) RETURNING "id"[0m  [["title", "The Heart of the Matter"], ["author", "Graham Greene"], ["created_at", 2017-03-30 00:54:34 UTC], ["updated_at", 2017-03-30 00:54:34 UTC]]
  [1m[36mBook Exists (0.1ms)[0m  [1m[34mSELECT  1 AS one FROM "books" WHERE "books"."title" = $1 AND "books"."author" = $2 LIMIT $3[0m  [["title", "The Hitchhiker's Guide to the Galaxy"], ["author", "Douglas Adams"], ["LIMIT", 1]]
  [1m[35mSQL (0.2ms)[0m  [1m[32mINSERT INTO "books" ("title", "author", "created_at", "updated_at") VALUES ($1, $2, $3, $4) RETURNING "id"[0m  [["title", "The Hitchhiker's Guide to the Galaxy"], ["author", "Douglas Adams"], ["created_at", 2017-03-30 00:54:34 UTC], ["updated_at", 2017-03-30 00:54:34 UTC]]
  [1m[36mBook Exists (0.2ms)[0m  [1m[34mSELECT  1 AS one FROM "books" WHERE "books"."title" = $1 AND "books"."author" = $2 LIMIT $3[0m  [["title", "The House of Mirth"], ["author", "Edith Wharton"], ["LIMIT", 1]]
  [1m[35mSQL (0.1ms)[0m  [1m[32mINSERT INTO "books" ("title", "author", "created_at", "updated_at") VALUES ($1, $2, $3, $4) RETURNING "id"[0m  [["title", "The House of Mirth"], ["author", "Edith Wharton"], ["created_at", 2017-03-30 00:54:34 UTC], ["updated_at", 2017-03-30 00:54:34 UTC]]
  [1m[36mBook Exists (0.1ms)[0m  [1m[34mSELECT  1 AS one FROM "books" WHERE "books"."title" = $1 AND "books"."author" = $2 LIMIT $3[0m  [["title", "The Hunt for Red October"], ["author", "Tom Clancy"], ["LIMIT", 1]]
  [1m[35mSQL (0.1ms)[0m  [1m[32mINSERT INTO "books" ("title", "author", "created_at", "updated_at") VALUES ($1, $2, $3, $4) RETURNING "id"[0m  [["title", "The Hunt for Red October"], ["author", "Tom Clancy"], ["created_at", 2017-03-30 00:54:34 UTC], ["updated_at", 2017-03-30 00:54:34 UTC]]
  [1m[36mBook Exists (0.1ms)[0m  [1m[34mSELECT  1 AS one FROM "books" WHERE "books"."title" = $1 AND "books"."author" = $2 LIMIT $3[0m  [["title", "The Little Country"], ["author", "Charles de Lint"], ["LIMIT", 1]]
  [1m[35mSQL (0.1ms)[0m  [1m[32mINSERT INTO "books" ("title", "author", "created_at", "updated_at") VALUES ($1, $2, $3, $4) RETURNING "id"[0m  [["title", "The Little Country"], ["author", "Charles de Lint"], ["created_at", 2017-03-30 00:54:34 UTC], ["updated_at", 2017-03-30 00:54:34 UTC]]
  [1m[36mBook Exists (0.2ms)[0m  [1m[34mSELECT  1 AS one FROM "books" WHERE "books"."title" = $1 AND "books"."author" = $2 LIMIT $3[0m  [["title", "The Lord of the Rings"], ["author", "J.R.R. Tolkien"], ["LIMIT", 1]]
  [1m[35mSQL (0.1ms)[0m  [1m[32mINSERT INTO "books" ("title", "author", "created_at", "updated_at") VALUES ($1, $2, $3, $4) RETURNING "id"[0m  [["title", "The Lord of the Rings"], ["author", "J.R.R. Tolkien"], ["created_at", 2017-03-30 00:54:34 UTC], ["updated_at", 2017-03-30 00:54:34 UTC]]
  [1m[36mBook Exists (0.1ms)[0m  [1m[34mSELECT  1 AS one FROM "books" WHERE "books"."title" = $1 AND "books"."author" = $2 LIMIT $3[0m  [["title", "The Magnificent Ambersons"], ["author", "Booth Tarkington"], ["LIMIT", 1]]
  [1m[35mSQL (0.1ms)[0m  [1m[32mINSERT INTO "books" ("title", "author", "created_at", "updated_at") VALUES ($1, $2, $3, $4) RETURNING "id"[0m  [["title", "The Magnificent Ambersons"], ["author", "Booth Tarkington"], ["created_at", 2017-03-30 00:54:34 UTC], ["updated_at", 2017-03-30 00:54:34 UTC]]
  [1m[36mBook Exists (0.1ms)[0m  [1m[34mSELECT  1 AS one FROM "books" WHERE "books"."title" = $1 AND "books"."author" = $2 LIMIT $3[0m  [["title", "The Magus"], ["author", "John Fowles"], ["LIMIT", 1]]
  [1m[35mSQL (0.1ms)[0m  [1m[32mINSERT INTO "books" ("title", "author", "created_at", "updated_at") VALUES ($1, $2, $3, $4) RETURNING "id"[0m  [["title", "The Magus"], ["author", "John Fowles"], ["created_at", 2017-03-30 00:54:34 UTC], ["updated_at", 2017-03-30 00:54:34 UTC]]
  [1m[36mBook Exists (0.2ms)[0m  [1m[34mSELECT  1 AS one FROM "books" WHERE "books"."title" = $1 AND "books"."author" = $2 LIMIT $3[0m  [["title", "The Maltese Falcon"], ["author", "Dashiell Hammett"], ["LIMIT", 1]]
  [1m[35mSQL (0.1ms)[0m  [1m[32mINSERT INTO "books" ("title", "author", "created_at", "updated_at") VALUES ($1, $2, $3, $4) RETURNING "id"[0m  [["title", "The Maltese Falcon"], ["author", "Dashiell Hammett"], ["created_at", 2017-03-30 00:54:34 UTC], ["updated_at", 2017-03-30 00:54:34 UTC]]
  [1m[36mBook Exists (0.1ms)[0m  [1m[34mSELECT  1 AS one FROM "books" WHERE "books"."title" = $1 AND "books"."author" = $2 LIMIT $3[0m  [["title", "The Moon is a Harsh Mistress"], ["author", "Robert Heinlein"], ["LIMIT", 1]]
  [1m[35mSQL (0.1ms)[0m  [1m[32mINSERT INTO "books" ("title", "author", "created_at", "updated_at") VALUES ($1, $2, $3, $4) RETURNING "id"[0m  [["title", "The Moon is a Harsh Mistress"], ["author", "Robert Heinlein"], ["created_at", 2017-03-30 00:54:34 UTC], ["updated_at", 2017-03-30 00:54:34 UTC]]
  [1m[36mBook Exists (0.1ms)[0m  [1m[34mSELECT  1 AS one FROM "books" WHERE "books"."title" = $1 AND "books"."author" = $2 LIMIT $3[0m  [["title", "The Moviegoer"], ["author", "Walker Percy"], ["LIMIT", 1]]
  [1m[35mSQL (0.1ms)[0m  [1m[32mINSERT INTO "books" ("title", "author", "created_at", "updated_at") VALUES ($1, $2, $3, $4) RETURNING "id"[0m  [["title", "The Moviegoer"], ["author", "Walker Percy"], ["created_at", 2017-03-30 00:54:34 UTC], ["updated_at", 2017-03-30 00:54:34 UTC]]
  [1m[36mBook Exists (0.2ms)[0m  [1m[34mSELECT  1 AS one FROM "books" WHERE "books"."title" = $1 AND "books"."author" = $2 LIMIT $3[0m  [["title", "The Naked and the Dead"], ["author", "Norman Mailer"], ["LIMIT", 1]]
  [1m[35mSQL (0.1ms)[0m  [1m[32mINSERT INTO "books" ("title", "author", "created_at", "updated_at") VALUES ($1, $2, $3, $4) RETURNING "id"[0m  [["title", "The Naked and the Dead"], ["author", "Norman Mailer"], ["created_at", 2017-03-30 00:54:34 UTC], ["updated_at", 2017-03-30 00:54:34 UTC]]
  [1m[36mBook Exists (0.1ms)[0m  [1m[34mSELECT  1 AS one FROM "books" WHERE "books"."title" = $1 AND "books"."author" = $2 LIMIT $3[0m  [["title", "The Old Wives' Tale"], ["author", "Arnold Bennett"], ["LIMIT", 1]]
  [1m[35mSQL (0.1ms)[0m  [1m[32mINSERT INTO "books" ("title", "author", "created_at", "updated_at") VALUES ($1, $2, $3, $4) RETURNING "id"[0m  [["title", "The Old Wives' Tale"], ["author", "Arnold Bennett"], ["created_at", 2017-03-30 00:54:34 UTC], ["updated_at", 2017-03-30 00:54:34 UTC]]
  [1m[36mBook Exists (0.1ms)[0m  [1m[34mSELECT  1 AS one FROM "books" WHERE "books"."title" = $1 AND "books"."author" = $2 LIMIT $3[0m  [["title", "The Postman Always Rings Twice"], ["author", "James M. Cain"], ["LIMIT", 1]]
  [1m[35mSQL (0.1ms)[0m  [1m[32mINSERT INTO "books" ("title", "author", "created_at", "updated_at") VALUES ($1, $2, $3, $4) RETURNING "id"[0m  [["title", "The Postman Always Rings Twice"], ["author", "James M. Cain"], ["created_at", 2017-03-30 00:54:34 UTC], ["updated_at", 2017-03-30 00:54:34 UTC]]
  [1m[36mBook Exists (0.2ms)[0m  [1m[34mSELECT  1 AS one FROM "books" WHERE "books"."title" = $1 AND "books"."author" = $2 LIMIT $3[0m  [["title", "The Prime of Miss Jean Brodie"], ["author", "Muriel Spark"], ["LIMIT", 1]]
  [1m[35mSQL (0.1ms)[0m  [1m[32mINSERT INTO "books" ("title", "author", "created_at", "updated_at") VALUES ($1, $2, $3, $4) RETURNING "id"[0m  [["title", "The Prime of Miss Jean Brodie"], ["author", "Muriel Spark"], ["created_at", 2017-03-30 00:54:34 UTC], ["updated_at", 2017-03-30 00:54:34 UTC]]
  [1m[36mBook Exists (0.2ms)[0m  [1m[34mSELECT  1 AS one FROM "books" WHERE "books"."title" = $1 AND "books"."author" = $2 LIMIT $3[0m  [["title", "The Puppet Masters"], ["author", "Robert Heinlein"], ["LIMIT", 1]]
  [1m[35mSQL (0.1ms)[0m  [1m[32mINSERT INTO "books" ("title", "author", "created_at", "updated_at") VALUES ($1, $2, $3, $4) RETURNING "id"[0m  [["title", "The Puppet Masters"], ["author", "Robert Heinlein"], ["created_at", 2017-03-30 00:54:34 UTC], ["updated_at", 2017-03-30 00:54:34 UTC]]
  [1m[36mBook Exists (0.1ms)[0m  [1m[34mSELECT  1 AS one FROM "books" WHERE "books"."title" = $1 AND "books"."author" = $2 LIMIT $3[0m  [["title", "The Rainbow"], ["author", "D.H. Lawrence"], ["LIMIT", 1]]
  [1m[35mSQL (0.1ms)[0m  [1m[32mINSERT INTO "books" ("title", "author", "created_at", "updated_at") VALUES ($1, $2, $3, $4) RETURNING "id"[0m  [["title", "The Rainbow"], ["author", "D.H. Lawrence"], ["created_at", 2017-03-30 00:54:34 UTC], ["updated_at", 2017-03-30 00:54:34 UTC]]
  [1m[36mBook Exists (0.2ms)[0m  [1m[34mSELECT  1 AS one FROM "books" WHERE "books"."title" = $1 AND "books"."author" = $2 LIMIT $3[0m  [["title", "The Recognitions"], ["author", "William Gaddis"], ["LIMIT", 1]]
  [1m[35mSQL (0.1ms)[0m  [1m[32mINSERT INTO "books" ("title", "author", "created_at", "updated_at") VALUES ($1, $2, $3, $4) RETURNING "id"[0m  [["title", "The Recognitions"], ["author", "William Gaddis"], ["created_at", 2017-03-30 00:54:34 UTC], ["updated_at", 2017-03-30 00:54:34 UTC]]
  [1m[36mBook Exists (0.1ms)[0m  [1m[34mSELECT  1 AS one FROM "books" WHERE "books"."title" = $1 AND "books"."author" = $2 LIMIT $3[0m  [["title", "The Satanic Verses"], ["author", "Salman Rushdie"], ["LIMIT", 1]]
  [1m[35mSQL (0.1ms)[0m  [1m[32mINSERT INTO "books" ("title", "author", "created_at", "updated_at") VALUES ($1, $2, $3, $4) RETURNING "id"[0m  [["title", "The Satanic Verses"], ["author", "Salman Rushdie"], ["created_at", 2017-03-30 00:54:34 UTC], ["updated_at", 2017-03-30 00:54:34 UTC]]
  [1m[36mBook Exists (0.1ms)[0m  [1m[34mSELECT  1 AS one FROM "books" WHERE "books"."title" = $1 AND "books"."author" = $2 LIMIT $3[0m  [["title", "The Secret Agent"], ["author", "Joseph Conrad"], ["LIMIT", 1]]
  [1m[35mSQL (0.2ms)[0m  [1m[32mINSERT INTO "books" ("title", "author", "created_at", "updated_at") VALUES ($1, $2, $3, $4) RETURNING "id"[0m  [["title", "The Secret Agent"], ["author", "Joseph Conrad"], ["created_at", 2017-03-30 00:54:34 UTC], ["updated_at", 2017-03-30 00:54:34 UTC]]
  [1m[36mBook Exists (0.2ms)[0m  [1m[34mSELECT  1 AS one FROM "books" WHERE "books"."title" = $1 AND "books"."author" = $2 LIMIT $3[0m  [["title", "The Sheltering Sky"], ["author", "Paul Bowles"], ["LIMIT", 1]]
  [1m[35mSQL (0.1ms)[0m  [1m[32mINSERT INTO "books" ("title", "author", "created_at", "updated_at") VALUES ($1, $2, $3, $4) RETURNING "id"[0m  [["title", "The Sheltering Sky"], ["author", "Paul Bowles"], ["created_at", 2017-03-30 00:54:34 UTC], ["updated_at", 2017-03-30 00:54:34 UTC]]
  [1m[36mBook Exists (0.1ms)[0m  [1m[34mSELECT  1 AS one FROM "books" WHERE "books"."title" = $1 AND "books"."author" = $2 LIMIT $3[0m  [["title", "The Sound and the Fury"], ["author", "William Faulkner"], ["LIMIT", 1]]
  [1m[35mSQL (0.1ms)[0m  [1m[32mINSERT INTO "books" ("title", "author", "created_at", "updated_at") VALUES ($1, $2, $3, $4) RETURNING "id"[0m  [["title", "The Sound and the Fury"], ["author", "William Faulkner"], ["created_at", 2017-03-30 00:54:34 UTC], ["updated_at", 2017-03-30 00:54:34 UTC]]
  [1m[36mBook Exists (0.1ms)[0m  [1m[34mSELECT  1 AS one FROM "books" WHERE "books"."title" = $1 AND "books"."author" = $2 LIMIT $3[0m  [["title", "The Stand"], ["author", "Stephen King"], ["LIMIT", 1]]
  [1m[35mSQL (0.1ms)[0m  [1m[32mINSERT INTO "books" ("title", "author", "created_at", "updated_at") VALUES ($1, $2, $3, $4) RETURNING "id"[0m  [["title", "The Stand"], ["author", "Stephen King"], ["created_at", 2017-03-30 00:54:34 UTC], ["updated_at", 2017-03-30 00:54:34 UTC]]
  [1m[36mBook Exists (0.2ms)[0m  [1m[34mSELECT  1 AS one FROM "books" WHERE "books"."title" = $1 AND "books"."author" = $2 LIMIT $3[0m  [["title", "The Studs Lonigan Trilogy"], ["author", "James T. Farrell"], ["LIMIT", 1]]
  [1m[35mSQL (0.1ms)[0m  [1m[32mINSERT INTO "books" ("title", "author", "created_at", "updated_at") VALUES ($1, $2, $3, $4) RETURNING "id"[0m  [["title", "The Studs Lonigan Trilogy"], ["author", "James T. Farrell"], ["created_at", 2017-03-30 00:54:34 UTC], ["updated_at", 2017-03-30 00:54:34 UTC]]
  [1m[36mBook Exists (0.1ms)[0m  [1m[34mSELECT  1 AS one FROM "books" WHERE "books"."title" = $1 AND "books"."author" = $2 LIMIT $3[0m  [["title", "The Sun Also Rises"], ["author", "Ernest Hemingway"], ["LIMIT", 1]]
  [1m[35mSQL (0.1ms)[0m  [1m[32mINSERT INTO "books" ("title", "author", "created_at", "updated_at") VALUES ($1, $2, $3, $4) RETURNING "id"[0m  [["title", "The Sun Also Rises"], ["author", "Ernest Hemingway"], ["created_at", 2017-03-30 00:54:34 UTC], ["updated_at", 2017-03-30 00:54:34 UTC]]
  [1m[36mBook Exists (0.3ms)[0m  [1m[34mSELECT  1 AS one FROM "books" WHERE "books"."title" = $1 AND "books"."author" = $2 LIMIT $3[0m  [["title", "The Wapshot Chronicles"], ["author", "John Cheever"], ["LIMIT", 1]]
  [1m[35mSQL (0.2ms)[0m  [1m[32mINSERT INTO "books" ("title", "author", "created_at", "updated_at") VALUES ($1, $2, $3, $4) RETURNING "id"[0m  [["title", "The Wapshot Chronicles"], ["author", "John Cheever"], ["created_at", 2017-03-30 00:54:34 UTC], ["updated_at", 2017-03-30 00:54:34 UTC]]
  [1m[36mBook Exists (0.2ms)[0m  [1m[34mSELECT  1 AS one FROM "books" WHERE "books"."title" = $1 AND "books"."author" = $2 LIMIT $3[0m  [["title", "The Way of all Flesh"], ["author", "Samuel Butler"], ["LIMIT", 1]]
  [1m[35mSQL (0.2ms)[0m  [1m[32mINSERT INTO "books" ("title", "author", "created_at", "updated_at") VALUES ($1, $2, $3, $4) RETURNING "id"[0m  [["title", "The Way of all Flesh"], ["author", "Samuel Butler"], ["created_at", 2017-03-30 00:54:34 UTC], ["updated_at", 2017-03-30 00:54:34 UTC]]
  [1m[36mBook Exists (0.1ms)[0m  [1m[34mSELECT  1 AS one FROM "books" WHERE "books"."title" = $1 AND "books"."author" = $2 LIMIT $3[0m  [["title", "The Wings of the Dove"], ["author", "Henry James"], ["LIMIT", 1]]
  [1m[35mSQL (0.1ms)[0m  [1m[32mINSERT INTO "books" ("title", "author", "created_at", "updated_at") VALUES ($1, $2, $3, $4) RETURNING "id"[0m  [["title", "The Wings of the Dove"], ["author", "Henry James"], ["created_at", 2017-03-30 00:54:34 UTC], ["updated_at", 2017-03-30 00:54:34 UTC]]
  [1m[36mBook Exists (0.1ms)[0m  [1m[34mSELECT  1 AS one FROM "books" WHERE "books"."title" = $1 AND "books"."author" = $2 LIMIT $3[0m  [["title", "The Wood Wife"], ["author", "Terri Windling"], ["LIMIT", 1]]
  [1m[35mSQL (0.1ms)[0m  [1m[32mINSERT INTO "books" ("title", "author", "created_at", "updated_at") VALUES ($1, $2, $3, $4) RETURNING "id"[0m  [["title", "The Wood Wife"], ["author", "Terri Windling"], ["created_at", 2017-03-30 00:54:34 UTC], ["updated_at", 2017-03-30 00:54:34 UTC]]
  [1m[36mBook Exists (0.1ms)[0m  [1m[34mSELECT  1 AS one FROM "books" WHERE "books"."title" = $1 AND "books"."author" = $2 LIMIT $3[0m  [["title", "The World According to Garp"], ["author", "John Irving"], ["LIMIT", 1]]
  [1m[35mSQL (0.1ms)[0m  [1m[32mINSERT INTO "books" ("title", "author", "created_at", "updated_at") VALUES ($1, $2, $3, $4) RETURNING "id"[0m  [["title", "The World According to Garp"], ["author", "John Irving"], ["created_at", 2017-03-30 00:54:34 UTC], ["updated_at", 2017-03-30 00:54:34 UTC]]
  [1m[36mBook Exists (0.1ms)[0m  [1m[34mSELECT  1 AS one FROM "books" WHERE "books"."title" = $1 AND "books"."author" = $2 LIMIT $3[0m  [["title", "The Worm Ouroboros"], ["author", "E.R. Eddison"], ["LIMIT", 1]]
  [1m[35mSQL (0.2ms)[0m  [1m[32mINSERT INTO "books" ("title", "author", "created_at", "updated_at") VALUES ($1, $2, $3, $4) RETURNING "id"[0m  [["title", "The Worm Ouroboros"], ["author", "E.R. Eddison"], ["created_at", 2017-03-30 00:54:34 UTC], ["updated_at", 2017-03-30 00:54:34 UTC]]
  [1m[36mBook Exists (0.1ms)[0m  [1m[34mSELECT  1 AS one FROM "books" WHERE "books"."title" = $1 AND "books"."author" = $2 LIMIT $3[0m  [["title", "To Kill a Mockingbird"], ["author", "Harper Lee"], ["LIMIT", 1]]
  [1m[35mSQL (0.2ms)[0m  [1m[32mINSERT INTO "books" ("title", "author", "created_at", "updated_at") VALUES ($1, $2, $3, $4) RETURNING "id"[0m  [["title", "To Kill a Mockingbird"], ["author", "Harper Lee"], ["created_at", 2017-03-30 00:54:34 UTC], ["updated_at", 2017-03-30 00:54:34 UTC]]
  [1m[36mBook Exists (0.1ms)[0m  [1m[34mSELECT  1 AS one FROM "books" WHERE "books"."title" = $1 AND "books"."author" = $2 LIMIT $3[0m  [["title", "To the Lighthouse"], ["author", "Virginia Woolf"], ["LIMIT", 1]]
  [1m[35mSQL (0.1ms)[0m  [1m[32mINSERT INTO "books" ("title", "author", "created_at", "updated_at") VALUES ($1, $2, $3, $4) RETURNING "id"[0m  [["title", "To the Lighthouse"], ["author", "Virginia Woolf"], ["created_at", 2017-03-30 00:54:34 UTC], ["updated_at", 2017-03-30 00:54:34 UTC]]
  [1m[36mBook Exists (0.1ms)[0m  [1m[34mSELECT  1 AS one FROM "books" WHERE "books"."title" = $1 AND "books"."author" = $2 LIMIT $3[0m  [["title", "Tobacco Road"], ["author", "Erskine Caldwell"], ["LIMIT", 1]]
  [1m[35mSQL (0.1ms)[0m  [1m[32mINSERT INTO "books" ("title", "author", "created_at", "updated_at") VALUES ($1, $2, $3, $4) RETURNING "id"[0m  [["title", "Tobacco Road"], ["author", "Erskine Caldwell"], ["created_at", 2017-03-30 00:54:34 UTC], ["updated_at", 2017-03-30 00:54:34 UTC]]
  [1m[36mBook Exists (0.1ms)[0m  [1m[34mSELECT  1 AS one FROM "books" WHERE "books"."title" = $1 AND "books"."author" = $2 LIMIT $3[0m  [["title", "Trader"], ["author", "Charles de Lint"], ["LIMIT", 1]]
  [1m[35mSQL (0.1ms)[0m  [1m[32mINSERT INTO "books" ("title", "author", "created_at", "updated_at") VALUES ($1, $2, $3, $4) RETURNING "id"[0m  [["title", "Trader"], ["author", "Charles de Lint"], ["created_at", 2017-03-30 00:54:34 UTC], ["updated_at", 2017-03-30 00:54:34 UTC]]
  [1m[36mBook Exists (0.1ms)[0m  [1m[34mSELECT  1 AS one FROM "books" WHERE "books"."title" = $1 AND "books"."author" = $2 LIMIT $3[0m  [["title", "Tropic of Cancer"], ["author", "Henry Miller"], ["LIMIT", 1]]
  [1m[35mSQL (0.1ms)[0m  [1m[32mINSERT INTO "books" ("title", "author", "created_at", "updated_at") VALUES ($1, $2, $3, $4) RETURNING "id"[0m  [["title", "Tropic of Cancer"], ["author", "Henry Miller"], ["created_at", 2017-03-30 00:54:34 UTC], ["updated_at", 2017-03-30 00:54:34 UTC]]
  [1m[36mBook Exists (0.1ms)[0m  [1m[34mSELECT  1 AS one FROM "books" WHERE "books"."title" = $1 AND "books"."author" = $2 LIMIT $3[0m  [["title", "Trustee from the Toolroom"], ["author", "Nevil Shute"], ["LIMIT", 1]]
  [1m[35mSQL (0.1ms)[0m  [1m[32mINSERT INTO "books" ("title", "author", "created_at", "updated_at") VALUES ($1, $2, $3, $4) RETURNING "id"[0m  [["title", "Trustee from the Toolroom"], ["author", "Nevil Shute"], ["created_at", 2017-03-30 00:54:34 UTC], ["updated_at", 2017-03-30 00:54:34 UTC]]
  [1m[36mBook Exists (0.1ms)[0m  [1m[34mSELECT  1 AS one FROM "books" WHERE "books"."title" = $1 AND "books"."author" = $2 LIMIT $3[0m  [["title", "U.S.A.(trilogy)"], ["author", "John Dos Passos"], ["LIMIT", 1]]
  [1m[35mSQL (0.1ms)[0m  [1m[32mINSERT INTO "books" ("title", "author", "created_at", "updated_at") VALUES ($1, $2, $3, $4) RETURNING "id"[0m  [["title", "U.S.A.(trilogy)"], ["author", "John Dos Passos"], ["created_at", 2017-03-30 00:54:34 UTC], ["updated_at", 2017-03-30 00:54:34 UTC]]
  [1m[36mBook Exists (0.1ms)[0m  [1m[34mSELECT  1 AS one FROM "books" WHERE "books"."title" = $1 AND "books"."author" = $2 LIMIT $3[0m  [["title", "Ulysses"], ["author", "James Joyce"], ["LIMIT", 1]]
  [1m[35mSQL (0.2ms)[0m  [1m[32mINSERT INTO "books" ("title", "author", "created_at", "updated_at") VALUES ($1, $2, $3, $4) RETURNING "id"[0m  [["title", "Ulysses"], ["author", "James Joyce"], ["created_at", 2017-03-30 00:54:34 UTC], ["updated_at", 2017-03-30 00:54:34 UTC]]
  [1m[36mBook Exists (0.1ms)[0m  [1m[34mSELECT  1 AS one FROM "books" WHERE "books"."title" = $1 AND "books"."author" = $2 LIMIT $3[0m  [["title", "Under the Net"], ["author", "Iris Murdoch"], ["LIMIT", 1]]
  [1m[35mSQL (0.1ms)[0m  [1m[32mINSERT INTO "books" ("title", "author", "created_at", "updated_at") VALUES ($1, $2, $3, $4) RETURNING "id"[0m  [["title", "Under the Net"], ["author", "Iris Murdoch"], ["created_at", 2017-03-30 00:54:34 UTC], ["updated_at", 2017-03-30 00:54:34 UTC]]
  [1m[36mBook Exists (0.1ms)[0m  [1m[34mSELECT  1 AS one FROM "books" WHERE "books"."title" = $1 AND "books"."author" = $2 LIMIT $3[0m  [["title", "Under the Volcano"], ["author", "Malcolm Lowry"], ["LIMIT", 1]]
  [1m[35mSQL (0.1ms)[0m  [1m[32mINSERT INTO "books" ("title", "author", "created_at", "updated_at") VALUES ($1, $2, $3, $4) RETURNING "id"[0m  [["title", "Under the Volcano"], ["author", "Malcolm Lowry"], ["created_at", 2017-03-30 00:54:34 UTC], ["updated_at", 2017-03-30 00:54:34 UTC]]
  [1m[36mBook Exists (0.1ms)[0m  [1m[34mSELECT  1 AS one FROM "books" WHERE "books"."title" = $1 AND "books"."author" = $2 LIMIT $3[0m  [["title", "V."], ["author", "Thomas Pynchon"], ["LIMIT", 1]]
  [1m[35mSQL (0.2ms)[0m  [1m[32mINSERT INTO "books" ("title", "author", "created_at", "updated_at") VALUES ($1, $2, $3, $4) RETURNING "id"[0m  [["title", "V."], ["author", "Thomas Pynchon"], ["created_at", 2017-03-30 00:54:34 UTC], ["updated_at", 2017-03-30 00:54:34 UTC]]
  [1m[36mBook Exists (0.1ms)[0m  [1m[34mSELECT  1 AS one FROM "books" WHERE "books"."title" = $1 AND "books"."author" = $2 LIMIT $3[0m  [["title", "Watership Down"], ["author", "Richard Adams"], ["LIMIT", 1]]
  [1m[35mSQL (0.1ms)[0m  [1m[32mINSERT INTO "books" ("title", "author", "created_at", "updated_at") VALUES ($1, $2, $3, $4) RETURNING "id"[0m  [["title", "Watership Down"], ["author", "Richard Adams"], ["created_at", 2017-03-30 00:54:34 UTC], ["updated_at", 2017-03-30 00:54:34 UTC]]
  [1m[36mBook Exists (0.1ms)[0m  [1m[34mSELECT  1 AS one FROM "books" WHERE "books"."title" = $1 AND "books"."author" = $2 LIMIT $3[0m  [["title", "We the Living"], ["author", "Ayn Rand"], ["LIMIT", 1]]
  [1m[35mSQL (0.1ms)[0m  [1m[32mINSERT INTO "books" ("title", "author", "created_at", "updated_at") VALUES ($1, $2, $3, $4) RETURNING "id"[0m  [["title", "We the Living"], ["author", "Ayn Rand"], ["created_at", 2017-03-30 00:54:34 UTC], ["updated_at", 2017-03-30 00:54:34 UTC]]
  [1m[36mBook Exists (0.1ms)[0m  [1m[34mSELECT  1 AS one FROM "books" WHERE "books"."title" = $1 AND "books"."author" = $2 LIMIT $3[0m  [["title", "Wide Sargasso Sea"], ["author", "Jean Rhys"], ["LIMIT", 1]]
  [1m[35mSQL (0.2ms)[0m  [1m[32mINSERT INTO "books" ("title", "author", "created_at", "updated_at") VALUES ($1, $2, $3, $4) RETURNING "id"[0m  [["title", "Wide Sargasso Sea"], ["author", "Jean Rhys"], ["created_at", 2017-03-30 00:54:34 UTC], ["updated_at", 2017-03-30 00:54:34 UTC]]
  [1m[36mBook Exists (0.1ms)[0m  [1m[34mSELECT  1 AS one FROM "books" WHERE "books"."title" = $1 AND "books"."author" = $2 LIMIT $3[0m  [["title", "Winesburg, Ohio"], ["author", "Sherwood Anderson"], ["LIMIT", 1]]
  [1m[35mSQL (0.1ms)[0m  [1m[32mINSERT INTO "books" ("title", "author", "created_at", "updated_at") VALUES ($1, $2, $3, $4) RETURNING "id"[0m  [["title", "Winesburg, Ohio"], ["author", "Sherwood Anderson"], ["created_at", 2017-03-30 00:54:34 UTC], ["updated_at", 2017-03-30 00:54:34 UTC]]
  [1m[36mBook Exists (0.1ms)[0m  [1m[34mSELECT  1 AS one FROM "books" WHERE "books"."title" = $1 AND "books"."author" = $2 LIMIT $3[0m  [["title", "Wise Blood"], ["author", "Flannery O'Connor"], ["LIMIT", 1]]
  [1m[35mSQL (0.1ms)[0m  [1m[32mINSERT INTO "books" ("title", "author", "created_at", "updated_at") VALUES ($1, $2, $3, $4) RETURNING "id"[0m  [["title", "Wise Blood"], ["author", "Flannery O'Connor"], ["created_at", 2017-03-30 00:54:34 UTC], ["updated_at", 2017-03-30 00:54:34 UTC]]
  [1m[36mBook Exists (0.1ms)[0m  [1m[34mSELECT  1 AS one FROM "books" WHERE "books"."title" = $1 AND "books"."author" = $2 LIMIT $3[0m  [["title", "Women in Love"], ["author", "D.H. Lawrence"], ["LIMIT", 1]]
  [1m[35mSQL (0.2ms)[0m  [1m[32mINSERT INTO "books" ("title", "author", "created_at", "updated_at") VALUES ($1, $2, $3, $4) RETURNING "id"[0m  [["title", "Women in Love"], ["author", "D.H. Lawrence"], ["created_at", 2017-03-30 00:54:34 UTC], ["updated_at", 2017-03-30 00:54:34 UTC]]
  [1m[36mBook Exists (0.1ms)[0m  [1m[34mSELECT  1 AS one FROM "books" WHERE "books"."title" = $1 AND "books"."author" = $2 LIMIT $3[0m  [["title", "Yarrow"], ["author", "Charles de Lint"], ["LIMIT", 1]]
  [1m[35mSQL (0.1ms)[0m  [1m[32mINSERT INTO "books" ("title", "author", "created_at", "updated_at") VALUES ($1, $2, $3, $4) RETURNING "id"[0m  [["title", "Yarrow"], ["author", "Charles de Lint"], ["created_at", 2017-03-30 00:54:34 UTC], ["updated_at", 2017-03-30 00:54:34 UTC]]
  [1m[36mBook Exists (0.1ms)[0m  [1m[34mSELECT  1 AS one FROM "books" WHERE "books"."title" = $1 AND "books"."author" = $2 LIMIT $3[0m  [["title", "Zen and the Art of Motorcycle Maintenance"], ["author", "Robert Pirsig"], ["LIMIT", 1]]
  [1m[35mSQL (0.1ms)[0m  [1m[32mINSERT INTO "books" ("title", "author", "created_at", "updated_at") VALUES ($1, $2, $3, $4) RETURNING "id"[0m  [["title", "Zen and the Art of Motorcycle Maintenance"], ["author", "Robert Pirsig"], ["created_at", 2017-03-30 00:54:34 UTC], ["updated_at", 2017-03-30 00:54:34 UTC]]
  [1m[36mBook Exists (0.2ms)[0m  [1m[34mSELECT  1 AS one FROM "books" WHERE "books"."title" = $1 AND "books"."author" = $2 LIMIT $3[0m  [["title", "Zuleika Dobson"], ["author", "Max Beerbohm"], ["LIMIT", 1]]
  [1m[35mSQL (0.1ms)[0m  [1m[32mINSERT INTO "books" ("title", "author", "created_at", "updated_at") VALUES ($1, $2, $3, $4) RETURNING "id"[0m  [["title", "Zuleika Dobson"], ["author", "Max Beerbohm"], ["created_at", 2017-03-30 00:54:34 UTC], ["updated_at", 2017-03-30 00:54:34 UTC]]
  [1m[35m (6.2ms)[0m  [1m[35mCOMMIT[0m
Started GET "/" for 127.0.0.1 at 2017-03-29 20:55:01 -0400
  [1m[36mActiveRecord::SchemaMigration Load (0.3ms)[0m  [1m[34mSELECT "schema_migrations".* FROM "schema_migrations"[0m
Processing by Rails::WelcomeController#index as HTML
  Parameters: {"internal"=>true}
  Rendering /Users/jonathancohen/.rbenv/versions/2.3.1/lib/ruby/gems/2.3.0/gems/railties-5.0.1/lib/rails/templates/rails/welcome/index.html.erb
  Rendered /Users/jonathancohen/.rbenv/versions/2.3.1/lib/ruby/gems/2.3.0/gems/railties-5.0.1/lib/rails/templates/rails/welcome/index.html.erb (3.9ms)
Completed 200 OK in 10ms (Views: 8.1ms | ActiveRecord: 0.0ms)


DEPRECATION WARNING: You didn't set `secret_key_base`. Read the upgrade documentation to learn more about this new config option. (called from env_config at /Users/jonathancohen/.rbenv/versions/2.3.1/lib/ruby/gems/2.3.0/gems/railties-5.0.1/lib/rails/application.rb:246)
DEPRECATION WARNING: You didn't set `secret_key_base`. Read the upgrade documentation to learn more about this new config option. (called from env_config at /Users/jonathancohen/.rbenv/versions/2.3.1/lib/ruby/gems/2.3.0/gems/railties-5.0.1/lib/rails/application.rb:246)
Started GET "/" for 127.0.0.1 at 2017-03-30 09:30:04 -0400
  [1m[36mActiveRecord::SchemaMigration Load (25.1ms)[0m  [1m[34mSELECT "schema_migrations".* FROM "schema_migrations"[0m
Processing by Rails::WelcomeController#index as HTML
  Parameters: {"internal"=>true}
  Rendering /Users/jonathancohen/.rbenv/versions/2.3.1/lib/ruby/gems/2.3.0/gems/railties-5.0.1/lib/rails/templates/rails/welcome/index.html.erb
  Rendered /Users/jonathancohen/.rbenv/versions/2.3.1/lib/ruby/gems/2.3.0/gems/railties-5.0.1/lib/rails/templates/rails/welcome/index.html.erb (4.3ms)
Completed 200 OK in 12ms (Views: 9.5ms | ActiveRecord: 0.0ms)


